This is XeTeX, Version 3.141592653-2.6-0.999994 (TeX Live 2022) (preloaded format=xelatex 2023.3.5)  8 MAR 2023 06:03
entering extended mode
 restricted \write18 enabled.
 %&-line parsing enabled.
**r4Stats.tex
(./r4Stats.tex
LaTeX2e <2022-11-01> patch level 1
L3 programming layer <2023-02-22> (/Users/cmadland/Library/TinyTeX/texmf-dist/tex/latex/base/book.cls
Document Class: book 2022/07/02 v1.4n Standard LaTeX document class
(/Users/cmadland/Library/TinyTeX/texmf-dist/tex/latex/base/bk10.clo
File: bk10.clo 2022/07/02 v1.4n Standard LaTeX file (size option)
)
\c@part=\count181
\c@chapter=\count182
\c@section=\count183
\c@subsection=\count184
\c@subsubsection=\count185
\c@paragraph=\count186
\c@subparagraph=\count187
\c@figure=\count188
\c@table=\count189
\abovecaptionskip=\skip48
\belowcaptionskip=\skip49
\bibindent=\dimen140
) (/Users/cmadland/Library/TinyTeX/texmf-dist/tex/latex/amsmath/amsmath.sty
Package: amsmath 2022/04/08 v2.17n AMS math features
\@mathmargin=\skip50
For additional information on amsmath, use the `?' option.
(/Users/cmadland/Library/TinyTeX/texmf-dist/tex/latex/amsmath/amstext.sty
Package: amstext 2021/08/26 v2.01 AMS text
(/Users/cmadland/Library/TinyTeX/texmf-dist/tex/latex/amsmath/amsgen.sty
File: amsgen.sty 1999/11/30 v2.0 generic functions
\@emptytoks=\toks16
\ex@=\dimen141
)) (/Users/cmadland/Library/TinyTeX/texmf-dist/tex/latex/amsmath/amsbsy.sty
Package: amsbsy 1999/11/29 v1.2d Bold Symbols
\pmbraise@=\dimen142
) (/Users/cmadland/Library/TinyTeX/texmf-dist/tex/latex/amsmath/amsopn.sty
Package: amsopn 2022/04/08 v2.04 operator names
)
\inf@bad=\count190
LaTeX Info: Redefining \frac on input line 234.
\uproot@=\count191
\leftroot@=\count192
LaTeX Info: Redefining \overline on input line 399.
LaTeX Info: Redefining \colon on input line 410.
\classnum@=\count193
\DOTSCASE@=\count194
LaTeX Info: Redefining \ldots on input line 496.
LaTeX Info: Redefining \dots on input line 499.
LaTeX Info: Redefining \cdots on input line 620.
\Mathstrutbox@=\box51
\strutbox@=\box52
LaTeX Info: Redefining \big on input line 722.
LaTeX Info: Redefining \Big on input line 723.
LaTeX Info: Redefining \bigg on input line 724.
LaTeX Info: Redefining \Bigg on input line 725.
\big@size=\dimen143
LaTeX Font Info:    Redeclaring font encoding OML on input line 743.
LaTeX Font Info:    Redeclaring font encoding OMS on input line 744.
\macc@depth=\count195
LaTeX Info: Redefining \bmod on input line 905.
LaTeX Info: Redefining \pmod on input line 910.
LaTeX Info: Redefining \smash on input line 940.
LaTeX Info: Redefining \relbar on input line 970.
LaTeX Info: Redefining \Relbar on input line 971.
\c@MaxMatrixCols=\count196
\dotsspace@=\muskip16
\c@parentequation=\count197
\dspbrk@lvl=\count198
\tag@help=\toks17
\row@=\count199
\column@=\count266
\maxfields@=\count267
\andhelp@=\toks18
\eqnshift@=\dimen144
\alignsep@=\dimen145
\tagshift@=\dimen146
\tagwidth@=\dimen147
\totwidth@=\dimen148
\lineht@=\dimen149
\@envbody=\toks19
\multlinegap=\skip51
\multlinetaggap=\skip52
\mathdisplay@stack=\toks20
LaTeX Info: Redefining \[ on input line 2953.
LaTeX Info: Redefining \] on input line 2954.
) (/Users/cmadland/Library/TinyTeX/texmf-dist/tex/latex/amsfonts/amssymb.sty
Package: amssymb 2013/01/14 v3.01 AMS font symbols
(/Users/cmadland/Library/TinyTeX/texmf-dist/tex/latex/amsfonts/amsfonts.sty
Package: amsfonts 2013/01/14 v3.01 Basic AMSFonts support
\symAMSa=\mathgroup4
\symAMSb=\mathgroup5
LaTeX Font Info:    Redeclaring math symbol \hbar on input line 98.
LaTeX Font Info:    Overwriting math alphabet `\mathfrak' in version `bold'
(Font)                  U/euf/m/n --> U/euf/b/n on input line 106.
)) (/Users/cmadland/Library/TinyTeX/texmf-dist/tex/latex/lm/lmodern.sty
Package: lmodern 2015/05/01 v1.6.1 Latin Modern Fonts
LaTeX Font Info:    Overwriting symbol font `operators' in version `normal'
(Font)                  OT1/cmr/m/n --> OT1/lmr/m/n on input line 22.
LaTeX Font Info:    Overwriting symbol font `letters' in version `normal'
(Font)                  OML/cmm/m/it --> OML/lmm/m/it on input line 23.
LaTeX Font Info:    Overwriting symbol font `symbols' in version `normal'
(Font)                  OMS/cmsy/m/n --> OMS/lmsy/m/n on input line 24.
LaTeX Font Info:    Overwriting symbol font `largesymbols' in version `normal'
(Font)                  OMX/cmex/m/n --> OMX/lmex/m/n on input line 25.
LaTeX Font Info:    Overwriting symbol font `operators' in version `bold'
(Font)                  OT1/cmr/bx/n --> OT1/lmr/bx/n on input line 26.
LaTeX Font Info:    Overwriting symbol font `letters' in version `bold'
(Font)                  OML/cmm/b/it --> OML/lmm/b/it on input line 27.
LaTeX Font Info:    Overwriting symbol font `symbols' in version `bold'
(Font)                  OMS/cmsy/b/n --> OMS/lmsy/b/n on input line 28.
LaTeX Font Info:    Overwriting symbol font `largesymbols' in version `bold'
(Font)                  OMX/cmex/m/n --> OMX/lmex/m/n on input line 29.
LaTeX Font Info:    Overwriting math alphabet `\mathbf' in version `normal'
(Font)                  OT1/cmr/bx/n --> OT1/lmr/bx/n on input line 31.
LaTeX Font Info:    Overwriting math alphabet `\mathsf' in version `normal'
(Font)                  OT1/cmss/m/n --> OT1/lmss/m/n on input line 32.
LaTeX Font Info:    Overwriting math alphabet `\mathit' in version `normal'
(Font)                  OT1/cmr/m/it --> OT1/lmr/m/it on input line 33.
LaTeX Font Info:    Overwriting math alphabet `\mathtt' in version `normal'
(Font)                  OT1/cmtt/m/n --> OT1/lmtt/m/n on input line 34.
LaTeX Font Info:    Overwriting math alphabet `\mathbf' in version `bold'
(Font)                  OT1/cmr/bx/n --> OT1/lmr/bx/n on input line 35.
LaTeX Font Info:    Overwriting math alphabet `\mathsf' in version `bold'
(Font)                  OT1/cmss/bx/n --> OT1/lmss/bx/n on input line 36.
LaTeX Font Info:    Overwriting math alphabet `\mathit' in version `bold'
(Font)                  OT1/cmr/bx/it --> OT1/lmr/bx/it on input line 37.
LaTeX Font Info:    Overwriting math alphabet `\mathtt' in version `bold'
(Font)                  OT1/cmtt/m/n --> OT1/lmtt/m/n on input line 38.
) (/Users/cmadland/Library/TinyTeX/texmf-dist/tex/generic/iftex/iftex.sty
Package: iftex 2022/02/03 v1.0f TeX engine tests
) (/Users/cmadland/Library/TinyTeX/texmf-dist/tex/latex/unicode-math/unicode-math.sty (/Users/cmadland/Library/TinyTeX/texmf-dist/tex/latex/l3kernel/expl3.sty
Package: expl3 2023-02-22 L3 programming layer (loader) 
(/Users/cmadland/Library/TinyTeX/texmf-dist/tex/latex/l3backend/l3backend-xetex.def
File: l3backend-xetex.def 2023-01-16 L3 backend support: XeTeX
\g__graphics_track_int=\count268
\l__pdf_internal_box=\box53
\g__pdf_backend_object_int=\count269
\g__pdf_backend_annotation_int=\count270
\g__pdf_backend_link_int=\count271
))
Package: unicode-math 2020/01/31 v0.8q Unicode maths in XeLaTeX and LuaLaTeX
(/Users/cmadland/Library/TinyTeX/texmf-dist/tex/latex/unicode-math/unicode-math-xetex.sty
Package: unicode-math-xetex 2020/01/31 v0.8q Unicode maths in XeLaTeX and LuaLaTeX
(/Users/cmadland/Library/TinyTeX/texmf-dist/tex/latex/l3packages/xparse/xparse.sty
Package: xparse 2023-02-02 L3 Experimental document command parser
) (/Users/cmadland/Library/TinyTeX/texmf-dist/tex/latex/l3packages/l3keys2e/l3keys2e.sty
Package: l3keys2e 2023-02-02 LaTeX2e option processing using LaTeX3 keys
) (/Users/cmadland/Library/TinyTeX/texmf-dist/tex/latex/fontspec/fontspec.sty
Package: fontspec 2022/01/15 v2.8a Font selection for XeLaTeX and LuaLaTeX
(/Users/cmadland/Library/TinyTeX/texmf-dist/tex/latex/fontspec/fontspec-xetex.sty
Package: fontspec-xetex 2022/01/15 v2.8a Font selection for XeLaTeX and LuaLaTeX
\l__fontspec_script_int=\count272
\l__fontspec_language_int=\count273
\l__fontspec_strnum_int=\count274
\l__fontspec_tmp_int=\count275
\l__fontspec_tmpa_int=\count276
\l__fontspec_tmpb_int=\count277
\l__fontspec_tmpc_int=\count278
\l__fontspec_em_int=\count279
\l__fontspec_emdef_int=\count280
\l__fontspec_strong_int=\count281
\l__fontspec_strongdef_int=\count282
\l__fontspec_tmpa_dim=\dimen150
\l__fontspec_tmpb_dim=\dimen151
\l__fontspec_tmpc_dim=\dimen152
(/Users/cmadland/Library/TinyTeX/texmf-dist/tex/latex/base/fontenc.sty
Package: fontenc 2021/04/29 v2.0v Standard LaTeX package
) (/Users/cmadland/Library/TinyTeX/texmf-dist/tex/latex/fontspec/fontspec.cfg))) (/Users/cmadland/Library/TinyTeX/texmf-dist/tex/latex/base/fix-cm.sty
Package: fix-cm 2020/11/24 v1.1t fixes to LaTeX
(/Users/cmadland/Library/TinyTeX/texmf-dist/tex/latex/base/ts1enc.def
File: ts1enc.def 2001/06/05 v3.0e (jk/car/fm) Standard LaTeX file
LaTeX Font Info:    Redeclaring font encoding TS1 on input line 47.
))
\g__um_fam_int=\count283
\g__um_fonts_used_int=\count284
\l__um_primecount_int=\count285
\g__um_primekern_muskip=\muskip17
(/Users/cmadland/Library/TinyTeX/texmf-dist/tex/latex/unicode-math/unicode-math-table.tex))) (/Users/cmadland/Library/TinyTeX/texmf-dist/tex/latex/xcolor/xcolor.sty
Package: xcolor 2022/06/12 v2.14 LaTeX color extensions (UK)
(/Users/cmadland/Library/TinyTeX/texmf-dist/tex/latex/graphics-cfg/color.cfg
File: color.cfg 2016/01/02 v1.6 sample color configuration
)
Package xcolor Info: Driver file: xetex.def on input line 227.
(/Users/cmadland/Library/TinyTeX/texmf-dist/tex/latex/graphics-def/xetex.def
File: xetex.def 2022/09/22 v5.0n Graphics/color driver for xetex
) (/Users/cmadland/Library/TinyTeX/texmf-dist/tex/latex/graphics/mathcolor.ltx)
Package xcolor Info: Model `cmy' substituted by `cmy0' on input line 1353.
Package xcolor Info: Model `RGB' extended on input line 1369.
Package xcolor Info: Model `HTML' substituted by `rgb' on input line 1371.
Package xcolor Info: Model `Hsb' substituted by `hsb' on input line 1372.
Package xcolor Info: Model `tHsb' substituted by `hsb' on input line 1373.
Package xcolor Info: Model `HSB' substituted by `hsb' on input line 1374.
Package xcolor Info: Model `Gray' substituted by `gray' on input line 1375.
Package xcolor Info: Model `wave' substituted by `hsb' on input line 1376.
) (/Users/cmadland/Library/TinyTeX/texmf-dist/tex/latex/fancyvrb/fancyvrb.sty
Package: fancyvrb 2023/01/19 4.5a verbatim text (tvz,hv)
(/Users/cmadland/Library/TinyTeX/texmf-dist/tex/latex/graphics/keyval.sty
Package: keyval 2022/05/29 v1.15 key=value parser (DPC)
\KV@toks@=\toks21
)
\FV@CodeLineNo=\count286
\FV@InFile=\read2
\FV@TabBox=\box54
\c@FancyVerbLine=\count287
\FV@StepNumber=\count288
\FV@OutFile=\write3
) (/Users/cmadland/Library/TinyTeX/texmf-dist/tex/latex/framed/framed.sty
Package: framed 2011/10/22 v 0.96: framed or shaded text with page breaks
\OuterFrameSep=\skip53
\fb@frw=\dimen153
\fb@frh=\dimen154
\FrameRule=\dimen155
\FrameSep=\dimen156
) (/Users/cmadland/Library/TinyTeX/texmf-dist/tex/latex/tools/longtable.sty
Package: longtable 2021-09-01 v4.17 Multi-page Table package (DPC)
\LTleft=\skip54
\LTright=\skip55
\LTpre=\skip56
\LTpost=\skip57
\LTchunksize=\count289
\LTcapwidth=\dimen157
\LT@head=\box55
\LT@firsthead=\box56
\LT@foot=\box57
\LT@lastfoot=\box58
\LT@gbox=\box59
\LT@cols=\count290
\LT@rows=\count291
\c@LT@tables=\count292
\c@LT@chunks=\count293
\LT@p@ftn=\toks22
) (/Users/cmadland/Library/TinyTeX/texmf-dist/tex/latex/booktabs/booktabs.sty
Package: booktabs 2020/01/12 v1.61803398 Publication quality tables
\heavyrulewidth=\dimen158
\lightrulewidth=\dimen159
\cmidrulewidth=\dimen160
\belowrulesep=\dimen161
\belowbottomsep=\dimen162
\aboverulesep=\dimen163
\abovetopsep=\dimen164
\cmidrulesep=\dimen165
\cmidrulekern=\dimen166
\defaultaddspace=\dimen167
\@cmidla=\count294
\@cmidlb=\count295
\@aboverulesep=\dimen168
\@belowrulesep=\dimen169
\@thisruleclass=\count296
\@lastruleclass=\count297
\@thisrulewidth=\dimen170
) (/Users/cmadland/Library/TinyTeX/texmf-dist/tex/latex/tools/array.sty
Package: array 2022/09/04 v2.5g Tabular extension package (FMi)
\col@sep=\dimen171
\ar@mcellbox=\box60
\extrarowheight=\dimen172
\NC@list=\toks23
\extratabsurround=\skip58
\backup@length=\skip59
\ar@cellbox=\box61
) (/Users/cmadland/Library/TinyTeX/texmf-dist/tex/latex/tools/calc.sty
Package: calc 2017/05/25 v4.3 Infix arithmetic (KKT,FJ)
\calc@Acount=\count298
\calc@Bcount=\count299
\calc@Adimen=\dimen173
\calc@Bdimen=\dimen174
\calc@Askip=\skip60
\calc@Bskip=\skip61
LaTeX Info: Redefining \setlength on input line 80.
LaTeX Info: Redefining \addtolength on input line 81.
\calc@Ccount=\count300
\calc@Cskip=\skip62
) (/Users/cmadland/Library/TinyTeX/texmf-dist/tex/latex/etoolbox/etoolbox.sty
Package: etoolbox 2020/10/05 v2.5k e-TeX tools for LaTeX (JAW)
\etb@tempcnta=\count301
) (/Users/cmadland/Library/TinyTeX/texmf-dist/tex/latex/mdwtools/footnote.sty
Package: footnote 1997/01/28 1.13 Save footnotes around boxes
\fn@notes=\box62
\fn@width=\dimen175
) (/Users/cmadland/Library/TinyTeX/texmf-dist/tex/latex/graphics/graphicx.sty
Package: graphicx 2021/09/16 v1.2d Enhanced LaTeX Graphics (DPC,SPQR)
(/Users/cmadland/Library/TinyTeX/texmf-dist/tex/latex/graphics/graphics.sty
Package: graphics 2022/03/10 v1.4e Standard LaTeX Graphics (DPC,SPQR)
(/Users/cmadland/Library/TinyTeX/texmf-dist/tex/latex/graphics/trig.sty
Package: trig 2021/08/11 v1.11 sin cos tan (DPC)
) (/Users/cmadland/Library/TinyTeX/texmf-dist/tex/latex/graphics-cfg/graphics.cfg
File: graphics.cfg 2016/06/04 v1.11 sample graphics configuration
)
Package graphics Info: Driver file: xetex.def on input line 107.
)
\Gin@req@height=\dimen176
\Gin@req@width=\dimen177
) (/Users/cmadland/Library/TinyTeX/texmf-dist/tex/latex/natbib/natbib.sty
Package: natbib 2010/09/13 8.31b (PWD, AO)
\bibhang=\skip63
\bibsep=\skip64
LaTeX Info: Redefining \cite on input line 694.
\c@NAT@ctr=\count302
) (/Users/cmadland/Library/TinyTeX/texmf-dist/tex/latex/hyperref/hyperref.sty
Package: hyperref 2023-02-07 v7.00v Hypertext links for LaTeX
(/Users/cmadland/Library/TinyTeX/texmf-dist/tex/generic/ltxcmds/ltxcmds.sty
Package: ltxcmds 2020-05-10 v1.25 LaTeX kernel commands for general use (HO)
) (/Users/cmadland/Library/TinyTeX/texmf-dist/tex/generic/pdftexcmds/pdftexcmds.sty
Package: pdftexcmds 2020-06-27 v0.33 Utility functions of pdfTeX for LuaTeX (HO)
(/Users/cmadland/Library/TinyTeX/texmf-dist/tex/generic/infwarerr/infwarerr.sty
Package: infwarerr 2019/12/03 v1.5 Providing info/warning/error messages (HO)
)
Package pdftexcmds Info: \pdf@primitive is available.
Package pdftexcmds Info: \pdf@ifprimitive is available.
Package pdftexcmds Info: \pdfdraftmode not found.
) (/Users/cmadland/Library/TinyTeX/texmf-dist/tex/latex/kvsetkeys/kvsetkeys.sty
Package: kvsetkeys 2022-10-05 v1.19 Key value parser (HO)
) (/Users/cmadland/Library/TinyTeX/texmf-dist/tex/generic/kvdefinekeys/kvdefinekeys.sty
Package: kvdefinekeys 2019-12-19 v1.6 Define keys (HO)
) (/Users/cmadland/Library/TinyTeX/texmf-dist/tex/generic/pdfescape/pdfescape.sty
Package: pdfescape 2019/12/09 v1.15 Implements pdfTeX's escape features (HO)
) (/Users/cmadland/Library/TinyTeX/texmf-dist/tex/latex/hycolor/hycolor.sty
Package: hycolor 2020-01-27 v1.10 Color options for hyperref/bookmark (HO)
) (/Users/cmadland/Library/TinyTeX/texmf-dist/tex/latex/letltxmacro/letltxmacro.sty
Package: letltxmacro 2019/12/03 v1.6 Let assignment for LaTeX macros (HO)
) (/Users/cmadland/Library/TinyTeX/texmf-dist/tex/latex/auxhook/auxhook.sty
Package: auxhook 2019-12-17 v1.6 Hooks for auxiliary files (HO)
) (/Users/cmadland/Library/TinyTeX/texmf-dist/tex/latex/hyperref/nameref.sty
Package: nameref 2022-05-17 v2.50 Cross-referencing by name of section
(/Users/cmadland/Library/TinyTeX/texmf-dist/tex/latex/refcount/refcount.sty
Package: refcount 2019/12/15 v3.6 Data extraction from label references (HO)
) (/Users/cmadland/Library/TinyTeX/texmf-dist/tex/generic/gettitlestring/gettitlestring.sty
Package: gettitlestring 2019/12/15 v1.6 Cleanup title references (HO)
(/Users/cmadland/Library/TinyTeX/texmf-dist/tex/latex/kvoptions/kvoptions.sty
Package: kvoptions 2022-06-15 v3.15 Key value format for package options (HO)
))
\c@section@level=\count303
)
\@linkdim=\dimen178
\Hy@linkcounter=\count304
\Hy@pagecounter=\count305
(/Users/cmadland/Library/TinyTeX/texmf-dist/tex/latex/hyperref/pd1enc.def
File: pd1enc.def 2023-02-07 v7.00v Hyperref: PDFDocEncoding definition (HO)
) (/Users/cmadland/Library/TinyTeX/texmf-dist/tex/generic/intcalc/intcalc.sty
Package: intcalc 2019/12/15 v1.3 Expandable calculations with integers (HO)
) (/Users/cmadland/Library/TinyTeX/texmf-dist/tex/generic/etexcmds/etexcmds.sty
Package: etexcmds 2019/12/15 v1.7 Avoid name clashes with e-TeX commands (HO)
)
\Hy@SavedSpaceFactor=\count306
(/Users/cmadland/Library/TinyTeX/texmf-dist/tex/latex/hyperref/puenc.def
File: puenc.def 2023-02-07 v7.00v Hyperref: PDF Unicode definition (HO)
)
Package hyperref Info: Option `unicode' set `true' on input line 4060.
Package hyperref Info: Hyper figures OFF on input line 4177.
Package hyperref Info: Link nesting OFF on input line 4182.
Package hyperref Info: Hyper index ON on input line 4185.
Package hyperref Info: Plain pages OFF on input line 4192.
Package hyperref Info: Backreferencing OFF on input line 4197.
Package hyperref Info: Implicit mode ON; LaTeX internals redefined.
Package hyperref Info: Bookmarks ON on input line 4425.
\c@Hy@tempcnt=\count307
(/Users/cmadland/Library/TinyTeX/texmf-dist/tex/latex/url/url.sty
\Urlmuskip=\muskip18
Package: url 2013/09/16  ver 3.4  Verb mode for urls, etc.
)
LaTeX Info: Redefining \url on input line 4763.
\XeTeXLinkMargin=\dimen179
(/Users/cmadland/Library/TinyTeX/texmf-dist/tex/generic/bitset/bitset.sty
Package: bitset 2019/12/09 v1.3 Handle bit-vector datatype (HO)
(/Users/cmadland/Library/TinyTeX/texmf-dist/tex/generic/bigintcalc/bigintcalc.sty
Package: bigintcalc 2019/12/15 v1.5 Expandable calculations on big integers (HO)
))
\Fld@menulength=\count308
\Field@Width=\dimen180
\Fld@charsize=\dimen181
Package hyperref Info: Hyper figures OFF on input line 6042.
Package hyperref Info: Link nesting OFF on input line 6047.
Package hyperref Info: Hyper index ON on input line 6050.
Package hyperref Info: backreferencing OFF on input line 6057.
Package hyperref Info: Link coloring OFF on input line 6062.
Package hyperref Info: Link coloring with OCG OFF on input line 6067.
Package hyperref Info: PDF/A mode OFF on input line 6072.
(/Users/cmadland/Library/TinyTeX/texmf-dist/tex/latex/base/atbegshi-ltx.sty
Package: atbegshi-ltx 2021/01/10 v1.0c Emulation of the original atbegshi
package with kernel methods
)
\Hy@abspage=\count309
\c@Item=\count310
\c@Hfootnote=\count311
)
Package hyperref Info: Driver (autodetected): hxetex.
(/Users/cmadland/Library/TinyTeX/texmf-dist/tex/latex/hyperref/hxetex.def
File: hxetex.def 2023-02-07 v7.00v Hyperref driver for XeTeX
(/Users/cmadland/Library/TinyTeX/texmf-dist/tex/generic/stringenc/stringenc.sty
Package: stringenc 2019/11/29 v1.12 Convert strings between diff. encodings (HO)
)
\pdfm@box=\box63
\c@Hy@AnnotLevel=\count312
\HyField@AnnotCount=\count313
\Fld@listcount=\count314
\c@bookmark@seq@number=\count315
(/Users/cmadland/Library/TinyTeX/texmf-dist/tex/latex/rerunfilecheck/rerunfilecheck.sty
Package: rerunfilecheck 2022-07-10 v1.10 Rerun checks for auxiliary files (HO)
(/Users/cmadland/Library/TinyTeX/texmf-dist/tex/latex/base/atveryend-ltx.sty
Package: atveryend-ltx 2020/08/19 v1.0a Emulation of the original atveryend package
with kernel methods
) (/Users/cmadland/Library/TinyTeX/texmf-dist/tex/generic/uniquecounter/uniquecounter.sty
Package: uniquecounter 2019/12/15 v1.4 Provide unlimited unique counter (HO)
)
Package uniquecounter Info: New unique counter `rerunfilecheck' on input line 285.
)
\Hy@SectionHShift=\skip65
) (/Users/cmadland/Library/TinyTeX/texmf-dist/tex/latex/amscls/amsthm.sty
Package: amsthm 2020/05/29 v2.20.6
\thm@style=\toks24
\thm@bodyfont=\toks25
\thm@headfont=\toks26
\thm@notefont=\toks27
\thm@headpunct=\toks28
\thm@preskip=\skip66
\thm@postskip=\skip67
\thm@headsep=\skip68
\dth@everypar=\toks29
)
\c@theorem=\count316
\c@lemma=\count317
\c@corollary=\count318
\c@proposition=\count319
\c@conjecture=\count320
\c@definition=\count321
\c@example=\count322
\c@exercise=\count323
\c@hypothesis=\count324
(./r4Stats.aux)
\openout1 = `r4Stats.aux'.

LaTeX Font Info:    Checking defaults for OML/cmm/m/it on input line 139.
LaTeX Font Info:    ... okay on input line 139.
LaTeX Font Info:    Checking defaults for OMS/cmsy/m/n on input line 139.
LaTeX Font Info:    ... okay on input line 139.
LaTeX Font Info:    Checking defaults for OT1/cmr/m/n on input line 139.
LaTeX Font Info:    ... okay on input line 139.
LaTeX Font Info:    Checking defaults for T1/cmr/m/n on input line 139.
LaTeX Font Info:    ... okay on input line 139.
LaTeX Font Info:    Checking defaults for TS1/cmr/m/n on input line 139.
LaTeX Font Info:    ... okay on input line 139.
LaTeX Font Info:    Checking defaults for TU/lmr/m/n on input line 139.
LaTeX Font Info:    ... okay on input line 139.
LaTeX Font Info:    Checking defaults for OMX/cmex/m/n on input line 139.
LaTeX Font Info:    ... okay on input line 139.
LaTeX Font Info:    Checking defaults for U/cmr/m/n on input line 139.
LaTeX Font Info:    ... okay on input line 139.
LaTeX Font Info:    Checking defaults for PD1/pdf/m/n on input line 139.
LaTeX Font Info:    ... okay on input line 139.
LaTeX Font Info:    Checking defaults for PU/pdf/m/n on input line 139.
LaTeX Font Info:    ... okay on input line 139.
LaTeX Font Info:    Overwriting math alphabet `\mathrm' in version `normal'
(Font)                  OT1/lmr/m/n --> TU/lmr/m/n on input line 139.
LaTeX Font Info:    Overwriting math alphabet `\mathit' in version `normal'
(Font)                  OT1/lmr/m/it --> TU/lmr/m/it on input line 139.
LaTeX Font Info:    Overwriting math alphabet `\mathbf' in version `normal'
(Font)                  OT1/lmr/bx/n --> TU/lmr/bx/n on input line 139.
LaTeX Font Info:    Overwriting math alphabet `\mathsf' in version `normal'
(Font)                  OT1/lmss/m/n --> TU/lmss/m/n on input line 139.
LaTeX Font Info:    Overwriting math alphabet `\mathsf' in version `bold'
(Font)                  OT1/lmss/bx/n --> TU/lmss/bx/n on input line 139.
LaTeX Font Info:    Overwriting math alphabet `\mathtt' in version `normal'
(Font)                  OT1/lmtt/m/n --> TU/lmtt/m/n on input line 139.
LaTeX Font Info:    Overwriting math alphabet `\mathtt' in version `bold'
(Font)                  OT1/lmtt/m/n --> TU/lmtt/bx/n on input line 139.

Package fontspec Info: latinmodern-math scale = 0.9999964596882403.


Package fontspec Info: latinmodern-math scale = 0.9999964596882403.


Package fontspec Info: latinmodern-math scale = 0.9999964596882403.


Package fontspec Info: Font family 'latinmodern-math.otf(0)' created for font
(fontspec)             'latinmodern-math.otf' with options
(fontspec)             [Scale=MatchLowercase,BoldItalicFont={},ItalicFont={},SmallCapsFont={},Script=Math,BoldFont={latinmodern-math.otf}].
(fontspec)              
(fontspec)              This font family consists of the following NFSS
(fontspec)             series/shapes:
(fontspec)              
(fontspec)             - 'normal' (m/n) with NFSS spec.:
(fontspec)             <->s*[0.9999964596882403]"[latinmodern-math.otf]/OT:script=math;language=dflt;"
(fontspec)             - 'small caps'  (m/sc) with NFSS spec.: 
(fontspec)             - 'bold' (b/n) with NFSS spec.:
(fontspec)             <->s*[0.9999964596882403]"[latinmodern-math.otf]/OT:script=math;language=dflt;"
(fontspec)             - 'bold small caps'  (b/sc) with NFSS spec.: 

LaTeX Font Info:    Font shape `TU/latinmodern-math.otf(0)/m/n' will be
(Font)              scaled to size 10.0pt on input line 139.

Package fontspec Info: latinmodern-math scale = 0.9999964596882403.


Package fontspec Info: latinmodern-math scale = 0.9999964596882403.


Package fontspec Info: latinmodern-math scale = 0.9999964596882403.


Package fontspec Info: latinmodern-math scale = 0.9999964596882403.


Package fontspec Info: latinmodern-math scale = 0.9999964596882403.


Package fontspec Info: Font family 'latinmodern-math.otf(1)' created for font
(fontspec)             'latinmodern-math.otf' with options
(fontspec)             [Scale=MatchLowercase,BoldItalicFont={},ItalicFont={},SmallCapsFont={},Script=Math,SizeFeatures={{Size=8.5-},{Size=6-8.5,Font=latinmodern-math.otf,Style=MathScript},{Size=-6,Font=latinmodern-math.otf,Style=MathScriptScript}},BoldFont={latinmodern-math.otf}].
(fontspec)              
(fontspec)              This font family consists of the following NFSS
(fontspec)             series/shapes:
(fontspec)              
(fontspec)             - 'normal' (m/n) with NFSS spec.:
(fontspec)             <8.5->s*[0.9999964596882403]"[latinmodern-math.otf]/OT:script=math;language=dflt;"<6-8.5>s*[0.9999964596882403]"[latinmodern-math.otf]/OT:script=math;language=dflt;+ssty=0;"<-6>s*[0.9999964596882403]"[latinmodern-math.otf]/OT:script=math;language=dflt;+ssty=1;"
(fontspec)             - 'small caps'  (m/sc) with NFSS spec.: 
(fontspec)             - 'bold' (b/n) with NFSS spec.:
(fontspec)             <->s*[0.9999964596882403]"[latinmodern-math.otf]/OT:script=math;language=dflt;"
(fontspec)             - 'bold small caps'  (b/sc) with NFSS spec.: 

LaTeX Font Info:    Font shape `TU/latinmodern-math.otf(1)/m/n' will be
(Font)              scaled to size 10.0pt on input line 139.
LaTeX Font Info:    Encoding `OT1' has changed to `TU' for symbol font
(Font)              `operators' in the math version `normal' on input line 139.
LaTeX Font Info:    Overwriting symbol font `operators' in version `normal'
(Font)                  OT1/lmr/m/n --> TU/latinmodern-math.otf(1)/m/n on input line 139.
LaTeX Font Info:    Encoding `OT1' has changed to `TU' for symbol font
(Font)              `operators' in the math version `bold' on input line 139.
LaTeX Font Info:    Overwriting symbol font `operators' in version `bold'
(Font)                  OT1/lmr/bx/n --> TU/latinmodern-math.otf(1)/b/n on input line 139.

Package fontspec Info: latinmodern-math scale = 0.9999964596882403.


Package fontspec Info: latinmodern-math scale = 1.000096459334209.


Package fontspec Info: latinmodern-math scale = 0.9999964596882403.


Package fontspec Info: latinmodern-math scale = 1.000096459334209.


Package fontspec Info: latinmodern-math scale = 0.9999964596882403.


Package fontspec Info: latinmodern-math scale = 1.000096459334209.


Package fontspec Info: latinmodern-math scale = 0.9999964596882403.


Package fontspec Info: latinmodern-math scale = 1.000096459334209.


Package fontspec Info: latinmodern-math scale = 0.9999964596882403.


Package fontspec Info: latinmodern-math scale = 1.000096459334209.


Package fontspec Info: Font family 'latinmodern-math.otf(2)' created for font
(fontspec)             'latinmodern-math.otf' with options
(fontspec)             [Scale=MatchLowercase,BoldItalicFont={},ItalicFont={},SmallCapsFont={},Script=Math,SizeFeatures={{Size=8.5-},{Size=6-8.5,Font=latinmodern-math.otf,Style=MathScript},{Size=-6,Font=latinmodern-math.otf,Style=MathScriptScript}},BoldFont={latinmodern-math.otf},ScaleAgain=1.0001,FontAdjustment={\fontdimen
(fontspec)             8\font =6.77pt\relax \fontdimen 9\font =3.94pt\relax
(fontspec)             \fontdimen 10\font =4.44pt\relax \fontdimen 11\font
(fontspec)             =6.86pt\relax \fontdimen 12\font =3.45pt\relax
(fontspec)             \fontdimen 13\font =3.63pt\relax \fontdimen 14\font
(fontspec)             =3.63pt\relax \fontdimen 15\font =2.89pt\relax
(fontspec)             \fontdimen 16\font =2.47pt\relax \fontdimen 17\font
(fontspec)             =2.47pt\relax \fontdimen 18\font =2.5pt\relax
(fontspec)             \fontdimen 19\font =2.0pt\relax \fontdimen 22\font
(fontspec)             =2.5pt\relax \fontdimen 20\font =0pt\relax \fontdimen
(fontspec)             21\font =0pt\relax }].
(fontspec)              
(fontspec)              This font family consists of the following NFSS
(fontspec)             series/shapes:
(fontspec)              
(fontspec)             - 'normal' (m/n) with NFSS spec.:
(fontspec)             <8.5->s*[1.000096459334209]"[latinmodern-math.otf]/OT:script=math;language=dflt;"<6-8.5>s*[1.000096459334209]"[latinmodern-math.otf]/OT:script=math;language=dflt;+ssty=0;"<-6>s*[1.000096459334209]"[latinmodern-math.otf]/OT:script=math;language=dflt;+ssty=1;"
(fontspec)             - 'small caps'  (m/sc) with NFSS spec.: 
(fontspec)             and font adjustment code:
(fontspec)             \fontdimen 8\font =6.77pt\relax \fontdimen 9\font
(fontspec)             =3.94pt\relax \fontdimen 10\font =4.44pt\relax
(fontspec)             \fontdimen 11\font =6.86pt\relax \fontdimen 12\font
(fontspec)             =3.45pt\relax \fontdimen 13\font =3.63pt\relax
(fontspec)             \fontdimen 14\font =3.63pt\relax \fontdimen 15\font
(fontspec)             =2.89pt\relax \fontdimen 16\font =2.47pt\relax
(fontspec)             \fontdimen 17\font =2.47pt\relax \fontdimen 18\font
(fontspec)             =2.5pt\relax \fontdimen 19\font =2.0pt\relax \fontdimen
(fontspec)             22\font =2.5pt\relax \fontdimen 20\font =0pt\relax
(fontspec)             \fontdimen 21\font =0pt\relax 
(fontspec)             - 'bold' (b/n) with NFSS spec.:
(fontspec)             <->s*[1.000096459334209]"[latinmodern-math.otf]/OT:script=math;language=dflt;"
(fontspec)             - 'bold small caps'  (b/sc) with NFSS spec.: 
(fontspec)             and font adjustment code:
(fontspec)             \fontdimen 8\font =6.77pt\relax \fontdimen 9\font
(fontspec)             =3.94pt\relax \fontdimen 10\font =4.44pt\relax
(fontspec)             \fontdimen 11\font =6.86pt\relax \fontdimen 12\font
(fontspec)             =3.45pt\relax \fontdimen 13\font =3.63pt\relax
(fontspec)             \fontdimen 14\font =3.63pt\relax \fontdimen 15\font
(fontspec)             =2.89pt\relax \fontdimen 16\font =2.47pt\relax
(fontspec)             \fontdimen 17\font =2.47pt\relax \fontdimen 18\font
(fontspec)             =2.5pt\relax \fontdimen 19\font =2.0pt\relax \fontdimen
(fontspec)             22\font =2.5pt\relax \fontdimen 20\font =0pt\relax
(fontspec)             \fontdimen 21\font =0pt\relax 

LaTeX Font Info:    Encoding `OMS' has changed to `TU' for symbol font
(Font)              `symbols' in the math version `normal' on input line 139.
LaTeX Font Info:    Overwriting symbol font `symbols' in version `normal'
(Font)                  OMS/lmsy/m/n --> TU/latinmodern-math.otf(2)/m/n on input line 139.
LaTeX Font Info:    Encoding `OMS' has changed to `TU' for symbol font
(Font)              `symbols' in the math version `bold' on input line 139.
LaTeX Font Info:    Overwriting symbol font `symbols' in version `bold'
(Font)                  OMS/lmsy/b/n --> TU/latinmodern-math.otf(2)/b/n on input line 139.

Package fontspec Info: latinmodern-math scale = 0.9999964596882403.


Package fontspec Info: latinmodern-math scale = 0.9998964600422715.


Package fontspec Info: latinmodern-math scale = 0.9999964596882403.


Package fontspec Info: latinmodern-math scale = 0.9998964600422715.


Package fontspec Info: latinmodern-math scale = 0.9999964596882403.


Package fontspec Info: latinmodern-math scale = 0.9998964600422715.


Package fontspec Info: latinmodern-math scale = 0.9999964596882403.


Package fontspec Info: latinmodern-math scale = 0.9998964600422715.


Package fontspec Info: latinmodern-math scale = 0.9999964596882403.


Package fontspec Info: latinmodern-math scale = 0.9998964600422715.


Package fontspec Info: Font family 'latinmodern-math.otf(3)' created for font
(fontspec)             'latinmodern-math.otf' with options
(fontspec)             [Scale=MatchLowercase,BoldItalicFont={},ItalicFont={},SmallCapsFont={},Script=Math,SizeFeatures={{Size=8.5-},{Size=6-8.5,Font=latinmodern-math.otf,Style=MathScript},{Size=-6,Font=latinmodern-math.otf,Style=MathScriptScript}},BoldFont={latinmodern-math.otf},ScaleAgain=0.9999,FontAdjustment={\fontdimen
(fontspec)             8\font =0.4pt\relax \fontdimen 9\font =2.0pt\relax
(fontspec)             \fontdimen 10\font =1.67pt\relax \fontdimen 11\font
(fontspec)             =1.11pt\relax \fontdimen 12\font =6.0pt\relax
(fontspec)             \fontdimen 13\font =0pt\relax }].
(fontspec)              
(fontspec)              This font family consists of the following NFSS
(fontspec)             series/shapes:
(fontspec)              
(fontspec)             - 'normal' (m/n) with NFSS spec.:
(fontspec)             <8.5->s*[0.9998964600422715]"[latinmodern-math.otf]/OT:script=math;language=dflt;"<6-8.5>s*[0.9998964600422715]"[latinmodern-math.otf]/OT:script=math;language=dflt;+ssty=0;"<-6>s*[0.9998964600422715]"[latinmodern-math.otf]/OT:script=math;language=dflt;+ssty=1;"
(fontspec)             - 'small caps'  (m/sc) with NFSS spec.: 
(fontspec)             and font adjustment code:
(fontspec)             \fontdimen 8\font =0.4pt\relax \fontdimen 9\font
(fontspec)             =2.0pt\relax \fontdimen 10\font =1.67pt\relax
(fontspec)             \fontdimen 11\font =1.11pt\relax \fontdimen 12\font
(fontspec)             =6.0pt\relax \fontdimen 13\font =0pt\relax 
(fontspec)             - 'bold' (b/n) with NFSS spec.:
(fontspec)             <->s*[0.9998964600422715]"[latinmodern-math.otf]/OT:script=math;language=dflt;"
(fontspec)             - 'bold small caps'  (b/sc) with NFSS spec.: 
(fontspec)             and font adjustment code:
(fontspec)             \fontdimen 8\font =0.4pt\relax \fontdimen 9\font
(fontspec)             =2.0pt\relax \fontdimen 10\font =1.67pt\relax
(fontspec)             \fontdimen 11\font =1.11pt\relax \fontdimen 12\font
(fontspec)             =6.0pt\relax \fontdimen 13\font =0pt\relax 

LaTeX Font Info:    Encoding `OMX' has changed to `TU' for symbol font
(Font)              `largesymbols' in the math version `normal' on input line 139.
LaTeX Font Info:    Overwriting symbol font `largesymbols' in version `normal'
(Font)                  OMX/lmex/m/n --> TU/latinmodern-math.otf(3)/m/n on input line 139.
LaTeX Font Info:    Encoding `OMX' has changed to `TU' for symbol font
(Font)              `largesymbols' in the math version `bold' on input line 139.
LaTeX Font Info:    Overwriting symbol font `largesymbols' in version `bold'
(Font)                  OMX/lmex/m/n --> TU/latinmodern-math.otf(3)/b/n on input line 139.
Package hyperref Info: Link coloring OFF on input line 139.
(./r4Stats.out) (./r4Stats.out)
\@outlinefile=\write4
\openout4 = `r4Stats.out'.

LaTeX Font Info:    Font shape `TU/latinmodern-math.otf(1)/m/n' will be
(Font)              scaled to size 12.0pt on input line 141.
LaTeX Font Info:    Font shape `TU/latinmodern-math.otf(1)/m/n' will be
(Font)              scaled to size 8.0pt on input line 141.
LaTeX Font Info:    Font shape `TU/latinmodern-math.otf(1)/m/n' will be
(Font)              scaled to size 6.0pt on input line 141.
LaTeX Font Info:    Trying to load font information for OML+lmm on input line 141.
(/Users/cmadland/Library/TinyTeX/texmf-dist/tex/latex/lm/omllmm.fd
File: omllmm.fd 2015/05/01 v1.6.1 Font defs for Latin Modern
)
LaTeX Font Info:    Font shape `TU/latinmodern-math.otf(2)/m/n' will be
(Font)              scaled to size 12.0011pt on input line 141.
LaTeX Font Info:    Font shape `TU/latinmodern-math.otf(2)/m/n' will be
(Font)              scaled to size 8.00073pt on input line 141.
LaTeX Font Info:    Font shape `TU/latinmodern-math.otf(2)/m/n' will be
(Font)              scaled to size 6.00055pt on input line 141.
LaTeX Font Info:    Font shape `TU/latinmodern-math.otf(3)/m/n' will be
(Font)              scaled to size 11.99872pt on input line 141.
LaTeX Font Info:    Font shape `TU/latinmodern-math.otf(3)/m/n' will be
(Font)              scaled to size 7.99915pt on input line 141.
LaTeX Font Info:    Font shape `TU/latinmodern-math.otf(3)/m/n' will be
(Font)              scaled to size 5.99936pt on input line 141.
LaTeX Font Info:    Trying to load font information for U+msa on input line 141.
(/Users/cmadland/Library/TinyTeX/texmf-dist/tex/latex/amsfonts/umsa.fd
File: umsa.fd 2013/01/14 v3.01 AMS symbols A
)
LaTeX Font Info:    Trying to load font information for U+msb on input line 141.
(/Users/cmadland/Library/TinyTeX/texmf-dist/tex/latex/amsfonts/umsb.fd
File: umsb.fd 2013/01/14 v3.01 AMS symbols B
) [1


] [2

] (./r4Stats.toc
LaTeX Font Info:    Font shape `TU/latinmodern-math.otf(1)/m/n' will be
(Font)              scaled to size 7.0pt on input line 2.
LaTeX Font Info:    Font shape `TU/latinmodern-math.otf(1)/m/n' will be
(Font)              scaled to size 5.0pt on input line 2.
LaTeX Font Info:    Font shape `TU/latinmodern-math.otf(2)/m/n' will be
(Font)              scaled to size 10.00092pt on input line 2.
LaTeX Font Info:    Font shape `TU/latinmodern-math.otf(2)/m/n' will be
(Font)              scaled to size 7.00064pt on input line 2.
LaTeX Font Info:    Font shape `TU/latinmodern-math.otf(2)/m/n' will be
(Font)              scaled to size 5.00046pt on input line 2.
LaTeX Font Info:    Font shape `TU/latinmodern-math.otf(3)/m/n' will be
(Font)              scaled to size 9.99893pt on input line 2.
LaTeX Font Info:    Font shape `TU/latinmodern-math.otf(3)/m/n' will be
(Font)              scaled to size 6.99925pt on input line 2.
LaTeX Font Info:    Font shape `TU/latinmodern-math.otf(3)/m/n' will be
(Font)              scaled to size 4.99947pt on input line 2.
[3])
\tf@toc=\write5
\openout5 = `r4Stats.toc'.

[4] [5

] [6]
Chapter 1.
[7

]
Overfull \hbox (90.75pt too wide) in paragraph at lines 346--346
[]\TU/lmtt/m/n/10 ##   [1]  735  320  325  392  524  450 1459  135  465  600  330  336  280  315  870[] 
 []


Overfull \hbox (90.75pt too wide) in paragraph at lines 346--346
[]\TU/lmtt/m/n/10 ##  [16]  906  202  329  290 1000  600  505 1450  840 1243  890  350  407  286  280[] 
 []


Overfull \hbox (90.75pt too wide) in paragraph at lines 346--346
[]\TU/lmtt/m/n/10 ##  [31]  525  720  390  250  327  230  265  850  210  630  260  230  360  730  600[] 
 []


Overfull \hbox (90.75pt too wide) in paragraph at lines 346--346
[]\TU/lmtt/m/n/10 ##  [46]  306  390  420  291  710  340  217  281  352  259  250  470  680  570  350[] 
 []


Overfull \hbox (90.75pt too wide) in paragraph at lines 346--346
[]\TU/lmtt/m/n/10 ##  [61]  300  560  900  625  332 2348 1171 3710 2315 2533  780  280  410  460  260[] 
 []


Overfull \hbox (90.75pt too wide) in paragraph at lines 346--346
[]\TU/lmtt/m/n/10 ##  [76]  255  431  350  760  618  338  981 1306  500  696  605  250  411 1054  735[] 
 []


Overfull \hbox (90.75pt too wide) in paragraph at lines 346--346
[]\TU/lmtt/m/n/10 ##  [91]  233  435  490  310  460  383  375 1270  545  445 1885  380  300  380  377[] 
 []


Overfull \hbox (90.75pt too wide) in paragraph at lines 346--346
[]\TU/lmtt/m/n/10 ## [106]  425  276  210  800  420  350  360  538 1100 1205  314  237  610  360  540[] 
 []


Overfull \hbox (90.75pt too wide) in paragraph at lines 346--346
[]\TU/lmtt/m/n/10 ## [121] 1038  424  310  300  444  301  268  620  215  652  900  525  246  360  529[] 
 []

[8] [9] [10

]
Chapter 2.
[11] [12]
Overfull \hbox (6.75pt too wide) in paragraph at lines 550--550
[]\TU/lmtt/m/n/10 ##  [1] -78.4 -30.4  82.6 -41.4 139.6 -41.4  58.6 -19.4   3.6 -73.4[] 
 []


Overfull \hbox (59.25pt too wide) in paragraph at lines 560--560
[]\TU/lmtt/m/n/10 ##  [1]  547.6 1488.4 5522.5 1232.1 8526.4 1232.1 4452.1 1768.9 2433.6  624.1[] 
 []


Overfull \hbox (59.25pt too wide) in paragraph at lines 571--571
[]\TU/lmtt/m/n/10 ##  [1]  8.602325 11.045361 15.329710 10.535654 17.088007 10.535654 14.525839[] 
 []

[13]
Overfull \hbox (43.5pt too wide) in paragraph at lines 640--640
[]\TU/lmtt/m/n/10 ##      Mobile      Juneau     Phoenix Little Rock Los Angeles  Sacramento[] 
 []


Overfull \hbox (43.5pt too wide) in paragraph at lines 640--640
[]\TU/lmtt/m/n/10 ##        67.0        54.7         7.0        48.5        14.0        17.2[] 
 []


Overfull \hbox (75.0pt too wide) in paragraph at lines 651--651
[]\TU/lmtt/m/n/10 ##       Mobile        Miami     San Juan  New Orleans       Juneau Jacksonville[] 
 []


Overfull \hbox (75.0pt too wide) in paragraph at lines 651--651
[]\TU/lmtt/m/n/10 ##         67.0         59.8         59.2         56.8         54.7         54.5[] 
 []


Overfull \hbox (54.0pt too wide) in paragraph at lines 662--662
[]\TU/lmtt/m/n/10 ## [1] "Mobile"      "Juneau"      "Phoenix"     "Little Rock" "Los Angeles"[] 
 []

[14]
Overfull \hbox (75.0pt too wide) in paragraph at lines 738--738
[]\TU/lmtt/m/n/10 ##   [1] 150 150 144 131 125 108 105 100  98  94  93  90  89  87  86  85  85  80[] 
 []


Overfull \hbox (75.0pt too wide) in paragraph at lines 738--738
[]\TU/lmtt/m/n/10 ##  [19]  80  80  78  76  74  72  70  70  69  69  65  65  65  64  61  60  60  60[] 
 []


Overfull \hbox (75.0pt too wide) in paragraph at lines 738--738
[]\TU/lmtt/m/n/10 ##  [37]  59  58  55  55  55  54  53  52  52  52  52  52  50  50  50  50  50  50[] 
 []


Overfull \hbox (75.0pt too wide) in paragraph at lines 738--738
[]\TU/lmtt/m/n/10 ##  [55]  49  48  47  47  47  47  46  46  45  45  45  45  45  45  45  45  44  43[] 
 []


Overfull \hbox (75.0pt too wide) in paragraph at lines 738--738
[]\TU/lmtt/m/n/10 ##  [73]  43  43  42  42  42  42  42  41  41  41  40  40  40  40  40  40  40  40[] 
 []


Overfull \hbox (75.0pt too wide) in paragraph at lines 738--738
[]\TU/lmtt/m/n/10 ##  [91]  40  40  40  38  38  38  38  38  38  37  37  36  36  35  35  35  35  35[] 
 []


Overfull \hbox (75.0pt too wide) in paragraph at lines 738--738
[]\TU/lmtt/m/n/10 ## [109]  35  34  34  34  34  34  33  33  32  32  32  32  32  32  32  32  32  32[] 
 []


Overfull \hbox (75.0pt too wide) in paragraph at lines 738--738
[]\TU/lmtt/m/n/10 ## [127]  31  31  31  30  30  30  30  30  30  30  30  30  30  30  30  30  30  29[] 
 []


Overfull \hbox (75.0pt too wide) in paragraph at lines 738--738
[]\TU/lmtt/m/n/10 ## [145]  29  29  29  29  28  28  28  28  28  28  28  28  27  27  27  27  27  27[] 
 []


Overfull \hbox (75.0pt too wide) in paragraph at lines 738--738
[]\TU/lmtt/m/n/10 ## [163]  26  26  26  26  26  26  26  26  25  25  25  25  25  25  24  24  24  23[] 
 []


Overfull \hbox (75.0pt too wide) in paragraph at lines 738--738
[]\TU/lmtt/m/n/10 ## [181]  23  23  23  23  23  22  22  22  22  22  22  21  21  21  20  20  20  20[] 
 []


Overfull \hbox (75.0pt too wide) in paragraph at lines 738--738
[]\TU/lmtt/m/n/10 ## [199]  20  20  19  19  19  19  19  19  18  18  18  18  18  18  18  17  17  17[] 
 []


Overfull \hbox (75.0pt too wide) in paragraph at lines 738--738
[]\TU/lmtt/m/n/10 ## [217]  17  17  16  16  16  16  16  15  15  15  14  14  14  14  14  14  14  14[] 
 []


Overfull \hbox (33.0pt too wide) in paragraph at lines 738--738
[]\TU/lmtt/m/n/10 ## [235]  14  13  13  13  13  13  13  13  13  12  12  12  11  11  11  10[] 
 []

[15]
LaTeX Font Info:    Font shape `TU/lmtt/bx/n' in size <10> not available
(Font)              Font shape `TU/lmtt/b/n' tried instead on input line 766.
[16]
Overfull \hbox (75.0pt too wide) in paragraph at lines 870--870
[]\TU/lmtt/m/n/10 ##   [1] -0.01547962  1.95978406  0.46825843  2.40321060  0.34732391 -0.33797165[] 
 []


Overfull \hbox (75.0pt too wide) in paragraph at lines 870--870
[]\TU/lmtt/m/n/10 ##   [7] -0.57984067  0.26670091  4.25753976 -0.57984067  0.06514339 -0.94264420[] 
 []


Overfull \hbox (75.0pt too wide) in paragraph at lines 870--870
[]\TU/lmtt/m/n/10 ##  [13] -0.74108668 -1.14420172 -0.78139819 -0.37828315  1.67760353 -0.74108668[] 
 []


Overfull \hbox (75.0pt too wide) in paragraph at lines 870--870
[]\TU/lmtt/m/n/10 ##  [19] -0.41859465 -0.57984067 -0.13641413 -0.33797165  0.54888143  1.35511150[] 
 []


Overfull \hbox (75.0pt too wide) in paragraph at lines 870--870
[]\TU/lmtt/m/n/10 ##  [25] -0.41859465 -0.98295570 -0.82170969 -1.10389021 -0.29766014 -0.41859465[] 
 []


Overfull \hbox (75.0pt too wide) in paragraph at lines 870--870
[]\TU/lmtt/m/n/10 ##  [31] -0.29766014 -0.98295570 -0.01547962 -0.94264420 -0.45890616  0.87137346[] 
 []


Overfull \hbox (75.0pt too wide) in paragraph at lines 870--870
[]\TU/lmtt/m/n/10 ##  [37]  0.06514339  0.06514339 -0.70077518  0.34732391  0.30701241 -0.33797165[] 
 []


Overfull \hbox (75.0pt too wide) in paragraph at lines 870--870
[]\TU/lmtt/m/n/10 ##  [43]  1.23417699  1.51635752 -0.90233270 -1.10389021 -0.01547962 -0.53952916[] 
 []


Overfull \hbox (75.0pt too wide) in paragraph at lines 870--870
[]\TU/lmtt/m/n/10 ##  [49] -0.37828315 -0.70077518 -0.09610262 -0.41859465  0.10545489 -1.02326721[] 
 []


Overfull \hbox (75.0pt too wide) in paragraph at lines 870--870
[]\TU/lmtt/m/n/10 ##  [55] -0.70077518 -0.21703714  0.06514339 -0.25734864 -0.45890616 -0.74108668[] 
 []


Overfull \hbox (75.0pt too wide) in paragraph at lines 870--870
[]\TU/lmtt/m/n/10 ##  [61] -0.33797165  0.26670091 -0.17672563 -0.78139819  0.10545489  0.06514339[] 
 []


Overfull \hbox (75.0pt too wide) in paragraph at lines 870--870
[]\TU/lmtt/m/n/10 ##  [67] -0.78139819 -0.98295570  0.18607790  2.08071857  0.26670091 -0.37828315[] 
 []


Overfull \hbox (75.0pt too wide) in paragraph at lines 870--870
[]\TU/lmtt/m/n/10 ##  [73]  2.68539112  2.24196458 -0.66046367  1.23417699 -0.86202119 -0.45890616[] 
 []


Overfull \hbox (75.0pt too wide) in paragraph at lines 870--870
[]\TU/lmtt/m/n/10 ##  [79] -1.06357871  0.06514339 -0.53952916 -1.02326721 -0.74108668 -0.90233270[] 
 []


Overfull \hbox (75.0pt too wide) in paragraph at lines 870--870
[]\TU/lmtt/m/n/10 ##  [85]  0.26670091 -0.45890616 -0.74108668  0.62950444  0.87137346 -0.33797165[] 
 []


Overfull \hbox (75.0pt too wide) in paragraph at lines 870--870
[]\TU/lmtt/m/n/10 ##  [91] -0.82170969  0.66981594 -0.98295570 -0.17672563  0.26670091  0.38763542[] 
 []


Overfull \hbox (75.0pt too wide) in paragraph at lines 870--870
[]\TU/lmtt/m/n/10 ##  [97] -0.33797165 -0.53952916 -0.01547962 -1.02326721 -0.66046367 -0.78139819[] 
 []


Overfull \hbox (75.0pt too wide) in paragraph at lines 870--870
[]\TU/lmtt/m/n/10 ## [103]  1.43573451 -0.33797165  2.04040706 -0.13641413 -0.21703714  1.59698053[] 
 []


Overfull \hbox (75.0pt too wide) in paragraph at lines 870--870
[]\TU/lmtt/m/n/10 ## [109]  0.18607790  0.06514339 -0.25734864 -0.29766014 -0.94264420 -0.78139819[] 
 []


Overfull \hbox (75.0pt too wide) in paragraph at lines 870--870
[]\TU/lmtt/m/n/10 ## [115]  0.66981594  0.06514339 -0.05579112 -0.17672563  0.26670091  0.22638940[] 
 []


Overfull \hbox (75.0pt too wide) in paragraph at lines 870--870
[]\TU/lmtt/m/n/10 ## [121]  0.46825843  0.46825843 -0.41859465 -0.25734864 -0.66046367  0.54888143[] 
 []


Overfull \hbox (75.0pt too wide) in paragraph at lines 870--870
[]\TU/lmtt/m/n/10 ## [127]  0.06514339  0.14576640 -0.66046367 -0.62015217 -0.90233270 -0.86202119[] 
 []


Overfull \hbox (75.0pt too wide) in paragraph at lines 870--870
[]\TU/lmtt/m/n/10 ## [133] -0.33797165  0.06514339 -0.25734864 -0.49921766 -0.33797165  0.91168496[] 
 []


Overfull \hbox (75.0pt too wide) in paragraph at lines 870--870
[]\TU/lmtt/m/n/10 ## [139]  1.07293098  0.54888143 -0.62015217 -0.37828315 -0.82170969 -0.25734864[] 
 []


Overfull \hbox (75.0pt too wide) in paragraph at lines 870--870
[]\TU/lmtt/m/n/10 ## [145]  0.46825843 -1.02326721 -0.09610262  0.34732391  1.67760353 -0.62015217[] 
 []


Overfull \hbox (75.0pt too wide) in paragraph at lines 870--870
[]\TU/lmtt/m/n/10 ## [151]  1.03261948  0.26670091 -0.53952916  1.07293098 -0.49921766 -0.01547962[] 
 []


Overfull \hbox (75.0pt too wide) in paragraph at lines 870--870
[]\TU/lmtt/m/n/10 ## [157] -0.74108668  4.49940878  0.14576640  0.58919294 -0.13641413 -0.90233270[] 
 []


Overfull \hbox (75.0pt too wide) in paragraph at lines 870--870
[]\TU/lmtt/m/n/10 ## [163]  4.49940878 -0.53952916 -0.33797165  0.54888143 -0.45890616 -0.45890616[] 
 []


Overfull \hbox (75.0pt too wide) in paragraph at lines 870--870
[]\TU/lmtt/m/n/10 ## [169] -0.66046367 -0.33797165 -0.13641413  0.14576640 -1.06357871  0.34732391[] 
 []


Overfull \hbox (75.0pt too wide) in paragraph at lines 870--870
[]\TU/lmtt/m/n/10 ## [175] -0.98295570 -0.25734864 -0.53952916  2.20165308 -0.33797165  0.83106196[] 
 []


Overfull \hbox (75.0pt too wide) in paragraph at lines 870--870
[]\TU/lmtt/m/n/10 ## [181]  2.48383360 -0.17672563  0.54888143  0.18607790 -0.25734864 -1.02326721[] 
 []


Overfull \hbox (75.0pt too wide) in paragraph at lines 870--870
[]\TU/lmtt/m/n/10 ## [187] -0.82170969 -0.01547962 -0.86202119  0.30701241 -0.37828315  0.46825843[] 
 []


Overfull \hbox (75.0pt too wide) in paragraph at lines 870--870
[]\TU/lmtt/m/n/10 ## [193] -0.98295570 -1.02326721 -0.49921766 -1.10389021 -0.25734864  1.27448850[] 
 []


Overfull \hbox (75.0pt too wide) in paragraph at lines 870--870
[]\TU/lmtt/m/n/10 ## [199] -0.90233270  0.46825843 -0.49921766 -0.62015217 -0.05579112  0.87137346[] 
 []


Overfull \hbox (75.0pt too wide) in paragraph at lines 870--870
[]\TU/lmtt/m/n/10 ## [205]  0.26670091 -0.49921766  3.73349022 -0.66046367 -1.06357871  1.27448850[] 
 []


Overfull \hbox (75.0pt too wide) in paragraph at lines 870--870
[]\TU/lmtt/m/n/10 ## [211]  1.91947255 -0.13641413 -0.98295570  1.87916105  0.79075045 -0.41859465[] 
 []


Overfull \hbox (75.0pt too wide) in paragraph at lines 870--870
[]\TU/lmtt/m/n/10 ## [217] -0.86202119 -0.17672563 -0.78139819 -1.02326721 -0.82170969 -0.62015217[] 
 []


Overfull \hbox (75.0pt too wide) in paragraph at lines 870--870
[]\TU/lmtt/m/n/10 ## [223] -0.86202119 -0.33797165  0.10545489 -0.33797165 -1.02326721  3.49162119[] 
 []


Overfull \hbox (75.0pt too wide) in paragraph at lines 870--870
[]\TU/lmtt/m/n/10 ## [229] -0.25734864 -0.82170969 -0.13641413 -0.25734864  2.80632563  0.06514339[] 
 []


Overfull \hbox (75.0pt too wide) in paragraph at lines 870--870
[]\TU/lmtt/m/n/10 ## [235]  0.14576640 -0.41859465 -0.49921766 -0.49921766 -0.62015217  0.14576640[] 
 []


Overfull \hbox (75.0pt too wide) in paragraph at lines 870--870
[]\TU/lmtt/m/n/10 ## [241] -0.41859465  0.66981594  1.07293098  1.67760353  0.42794692 -0.82170969[] 
 []

[17]
Overfull \hbox (33.0pt too wide) in paragraph at lines 932--932
[]\TU/lmtt/m/n/10 ##         never           now until current    once, quit       unknown[] 
 []


Overfull \hbox (33.0pt too wide) in paragraph at lines 932--932
[]\TU/lmtt/m/n/10 ##           544           484            95           103            10[] 
 []

[18]
Overfull \hbox (33.0pt too wide) in paragraph at lines 946--946
[]\TU/lmtt/m/n/10 ##         never           now until current    once, quit       unknown[] 
 []


Overfull \hbox (33.0pt too wide) in paragraph at lines 946--946
[]\TU/lmtt/m/n/10 ##         44.01         39.16          7.69          8.33          0.81[] 
 []

[19] [20

]
Chapter 3.

Overfull \hbox (69.75pt too wide) in paragraph at lines 1464--1464
[]\TU/lmtt/m/n/10 ##     case body.fat body.fat.siri density age weight height  BMI ffweight neck[] 
 []


Overfull \hbox (69.75pt too wide) in paragraph at lines 1464--1464
[]\TU/lmtt/m/n/10 ## 1      1     12.6          12.3  1.0708  23 154.25  67.75 23.7    134.9 36.2[] 
 []


Overfull \hbox (69.75pt too wide) in paragraph at lines 1464--1464
[]\TU/lmtt/m/n/10 ## 2      2      6.9           6.1  1.0853  22 173.25  72.25 23.4    161.3 38.5[] 
 []


Overfull \hbox (69.75pt too wide) in paragraph at lines 1464--1464
[]\TU/lmtt/m/n/10 ## 3      3     24.6          25.3  1.0414  22 154.00  66.25 24.7    116.0 34.0[] 
 []


Overfull \hbox (69.75pt too wide) in paragraph at lines 1464--1464
[]\TU/lmtt/m/n/10 ## 4      4     10.9          10.4  1.0751  26 184.75  72.25 24.9    164.7 37.4[] 
 []


Overfull \hbox (69.75pt too wide) in paragraph at lines 1464--1464
[]\TU/lmtt/m/n/10 ## 5      5     27.8          28.7  1.0340  24 184.25  71.25 25.6    133.1 34.4[] 
 []


Overfull \hbox (69.75pt too wide) in paragraph at lines 1464--1464
[]\TU/lmtt/m/n/10 ## 6      6     20.6          20.9  1.0502  24 210.25  74.75 26.5    167.0 39.0[] 
 []


Overfull \hbox (69.75pt too wide) in paragraph at lines 1464--1464
[]\TU/lmtt/m/n/10 ## 7      7     19.0          19.2  1.0549  26 181.00  69.75 26.2    146.6 36.4[] 
 []


Overfull \hbox (69.75pt too wide) in paragraph at lines 1464--1464
[]\TU/lmtt/m/n/10 ## 8      8     12.8          12.4  1.0704  25 176.00  72.50 23.6    153.6 37.8[] 
 []


Overfull \hbox (69.75pt too wide) in paragraph at lines 1464--1464
[]\TU/lmtt/m/n/10 ## 9      9      5.1           4.1  1.0900  25 191.00  74.00 24.6    181.3 38.1[] 
 []


Overfull \hbox (69.75pt too wide) in paragraph at lines 1464--1464
[]\TU/lmtt/m/n/10 ## 10    10     12.0          11.7  1.0722  23 198.25  73.50 25.8    174.4 42.1[] 
 []


Overfull \hbox (69.75pt too wide) in paragraph at lines 1464--1464
[]\TU/lmtt/m/n/10 ## 11    11      7.5           7.1  1.0830  26 186.25  74.50 23.6    172.3 38.5[] 
 []


Overfull \hbox (69.75pt too wide) in paragraph at lines 1464--1464
[]\TU/lmtt/m/n/10 ## 12    12      8.5           7.8  1.0812  27 216.00  76.00 26.3    197.7 39.4[] 
 []


Overfull \hbox (69.75pt too wide) in paragraph at lines 1464--1464
[]\TU/lmtt/m/n/10 ## 13    13     20.5          20.8  1.0513  32 180.50  69.50 26.3    143.5 38.4[] 
 []


Overfull \hbox (69.75pt too wide) in paragraph at lines 1464--1464
[]\TU/lmtt/m/n/10 ## 14    14     20.8          21.2  1.0505  30 205.25  71.25 28.5    162.5 39.4[] 
 []


Overfull \hbox (69.75pt too wide) in paragraph at lines 1464--1464
[]\TU/lmtt/m/n/10 ## 15    15     21.7          22.1  1.0484  35 187.75  69.50 27.4    147.0 40.5[] 
 []


Overfull \hbox (69.75pt too wide) in paragraph at lines 1464--1464
[]\TU/lmtt/m/n/10 ## 16    16     20.5          20.9  1.0512  35 162.75  66.00 26.3    129.3 36.4[] 
 []


Overfull \hbox (69.75pt too wide) in paragraph at lines 1464--1464
[]\TU/lmtt/m/n/10 ## 17    17     28.1          29.0  1.0333  34 195.75  71.00 27.3    140.8 38.9[] 
 []


Overfull \hbox (69.75pt too wide) in paragraph at lines 1464--1464
[]\TU/lmtt/m/n/10 ## 18    18     22.4          22.9  1.0468  32 209.25  71.00 29.2    162.5 42.1[] 
 []


Overfull \hbox (69.75pt too wide) in paragraph at lines 1464--1464
[]\TU/lmtt/m/n/10 ## 19    19     16.1          16.0  1.0622  28 183.75  67.75 28.2    154.3 38.0[] 
 []


Overfull \hbox (69.75pt too wide) in paragraph at lines 1464--1464
[]\TU/lmtt/m/n/10 ## 20    20     16.5          16.5  1.0610  33 211.75  73.50 27.6    176.8 40.0[] 
 []


Overfull \hbox (69.75pt too wide) in paragraph at lines 1464--1464
[]\TU/lmtt/m/n/10 ## 21    21     19.0          19.1  1.0551  28 179.00  68.00 27.3    145.1 39.1[] 
 []


Overfull \hbox (69.75pt too wide) in paragraph at lines 1464--1464
[]\TU/lmtt/m/n/10 ## 22    22     15.3          15.2  1.0640  28 200.50  69.75 29.1    169.8 41.3[] 
 []


Overfull \hbox (69.75pt too wide) in paragraph at lines 1464--1464
[]\TU/lmtt/m/n/10 ## 23    23     15.7          15.6  1.0631  31 140.25  68.25 21.2    118.2 33.9[] 
 []


Overfull \hbox (69.75pt too wide) in paragraph at lines 1464--1464
[]\TU/lmtt/m/n/10 ## 24    24     17.6          17.7  1.0584  32 148.75  70.00 21.4    122.6 35.5[] 
 []


Overfull \hbox (69.75pt too wide) in paragraph at lines 1464--1464
[]\TU/lmtt/m/n/10 ## 25    25     14.2          14.0  1.0668  28 151.25  67.75 23.2    129.8 34.5[] 
 []


Overfull \hbox (69.75pt too wide) in paragraph at lines 1464--1464
[]\TU/lmtt/m/n/10 ## 26    26      4.6           3.7  1.0911  27 159.25  71.50 21.9    151.9 35.7[] 
 []


Overfull \hbox (69.75pt too wide) in paragraph at lines 1464--1464
[]\TU/lmtt/m/n/10 ## 27    27      8.5           7.9  1.0811  34 131.50  67.50 20.3    120.3 36.2[] 
 []

[21]
Overfull \hbox (69.75pt too wide) in paragraph at lines 1464--1464
[]\TU/lmtt/m/n/10 ## 28    28     22.4          22.9  1.0468  31 148.00  67.50 22.9    114.9 38.8[] 
 []


Overfull \hbox (69.75pt too wide) in paragraph at lines 1464--1464
[]\TU/lmtt/m/n/10 ## 29    29      4.7           3.7  1.0910  27 133.25  64.75 22.4    127.0 36.4[] 
 []


Overfull \hbox (69.75pt too wide) in paragraph at lines 1464--1464
[]\TU/lmtt/m/n/10 ## 30    30      9.4           8.8  1.0790  29 160.75  69.00 23.8    145.7 36.7[] 
 []


Overfull \hbox (69.75pt too wide) in paragraph at lines 1464--1464
[]\TU/lmtt/m/n/10 ## 31    31     12.3          11.9  1.0716  32 182.00  73.75 23.6    159.7 38.7[] 
 []


Overfull \hbox (69.75pt too wide) in paragraph at lines 1464--1464
[]\TU/lmtt/m/n/10 ## 32    32      6.5           5.7  1.0862  29 160.25  71.25 22.2    149.8 37.3[] 
 []


Overfull \hbox (69.75pt too wide) in paragraph at lines 1464--1464
[]\TU/lmtt/m/n/10 ## 33    33     13.4          11.8  1.0719  27 168.00  71.25 23.3    142.5 38.1[] 
 []


Overfull \hbox (69.75pt too wide) in paragraph at lines 1464--1464
[]\TU/lmtt/m/n/10 ## 34    34     20.9          21.3  1.0502  41 218.50  71.00 30.5    172.7 39.8[] 
 []


Overfull \hbox (69.75pt too wide) in paragraph at lines 1464--1464
[]\TU/lmtt/m/n/10 ## 35    35     31.1          32.3  1.0263  41 247.25  73.50 32.2    170.4 42.1[] 
 []


Overfull \hbox (69.75pt too wide) in paragraph at lines 1464--1464
[]\TU/lmtt/m/n/10 ## 36    36     38.2          40.1  1.0101  49 191.75  65.00 32.0    118.4 38.4[] 
 []


Overfull \hbox (69.75pt too wide) in paragraph at lines 1464--1464
[]\TU/lmtt/m/n/10 ## 37    37     23.6          24.2  1.0438  40 202.25  70.00 29.1    154.5 38.5[] 
 []


Overfull \hbox (69.75pt too wide) in paragraph at lines 1464--1464
[]\TU/lmtt/m/n/10 ## 38    38     27.5          28.4  1.0346  50 196.75  68.25 29.7    142.6 42.1[] 
 []


Overfull \hbox (69.75pt too wide) in paragraph at lines 1464--1464
[]\TU/lmtt/m/n/10 ## 39    39     33.8          35.2  1.0202  46 363.15  72.25 48.9    240.5 51.2[] 
 []


Overfull \hbox (69.75pt too wide) in paragraph at lines 1464--1464
[]\TU/lmtt/m/n/10 ## 40    40     31.3          32.6  1.0258  50 203.00  67.00 31.8    139.4 40.2[] 
 []


Overfull \hbox (69.75pt too wide) in paragraph at lines 1464--1464
[]\TU/lmtt/m/n/10 ## 41    41     33.1          34.5  1.0217  45 262.75  68.75 39.1    175.8 43.2[] 
 []


Overfull \hbox (69.75pt too wide) in paragraph at lines 1464--1464
[]\TU/lmtt/m/n/10 ## 42    42     31.7          32.9  1.0250  44 205.00  29.50 29.9    140.1 36.6[] 
 []


Overfull \hbox (69.75pt too wide) in paragraph at lines 1464--1464
[]\TU/lmtt/m/n/10 ## 43    43     30.4          31.6  1.0279  48 217.00  70.00 31.2    151.1 37.3[] 
 []


Overfull \hbox (69.75pt too wide) in paragraph at lines 1464--1464
[]\TU/lmtt/m/n/10 ## 44    44     30.8          32.0  1.0269  41 212.00  71.50 29.2    146.7 41.5[] 
 []


Overfull \hbox (69.75pt too wide) in paragraph at lines 1464--1464
[]\TU/lmtt/m/n/10 ## 45    45      8.4           7.7  1.0814  39 125.25  68.00 19.1    114.7 31.5[] 
 []


Overfull \hbox (69.75pt too wide) in paragraph at lines 1464--1464
[]\TU/lmtt/m/n/10 ## 46    46     14.1          13.9  1.0670  43 164.25  73.25 21.3    141.1 35.7[] 
 []


Overfull \hbox (69.75pt too wide) in paragraph at lines 1464--1464
[]\TU/lmtt/m/n/10 ## 47    47     11.2          10.8  1.0742  40 133.50  67.50 20.6    118.5 33.6[] 
 []


Overfull \hbox (69.75pt too wide) in paragraph at lines 1464--1464
[]\TU/lmtt/m/n/10 ## 48    48      6.4           5.6  1.0665  39 148.50  71.25 20.6    139.0 34.6[] 
 []


Overfull \hbox (69.75pt too wide) in paragraph at lines 1464--1464
[]\TU/lmtt/m/n/10 ## 49    49     13.4          13.6  1.0678  45 135.75  68.50 20.4    117.6 32.8[] 
 []


Overfull \hbox (69.75pt too wide) in paragraph at lines 1464--1464
[]\TU/lmtt/m/n/10 ## 50    50      5.0           4.0  1.0903  47 127.50  66.75 20.2    121.2 34.0[] 
 []


Overfull \hbox (69.75pt too wide) in paragraph at lines 1464--1464
[]\TU/lmtt/m/n/10 ## 51    51     10.7          10.2  1.0756  47 158.25  72.25 21.3    141.4 34.9[] 
 []


Overfull \hbox (69.75pt too wide) in paragraph at lines 1464--1464
[]\TU/lmtt/m/n/10 ## 52    52      7.4           6.6  1.0840  40 139.25  69.00 20.6    129.0 34.3[] 
 []


Overfull \hbox (69.75pt too wide) in paragraph at lines 1464--1464
[]\TU/lmtt/m/n/10 ## 53    53      8.7           8.0  1.0807  51 137.25  67.75 21.1    125.3 36.5[] 
 []


Overfull \hbox (69.75pt too wide) in paragraph at lines 1464--1464
[]\TU/lmtt/m/n/10 ## 54    54      7.1           6.3  1.0848  49 152.75  73.50 19.9    142.0 35.1[] 
 []


Overfull \hbox (69.75pt too wide) in paragraph at lines 1464--1464
[]\TU/lmtt/m/n/10 ## 55    55      4.9           3.9  1.0906  42 136.25  67.50 21.1    129.6 37.8[] 
 []


Overfull \hbox (69.75pt too wide) in paragraph at lines 1464--1464
[]\TU/lmtt/m/n/10 ## 56    56     22.2          22.6  1.0473  54 198.00  72.00 26.9    154.1 39.9[] 
 []


Overfull \hbox (69.75pt too wide) in paragraph at lines 1464--1464
[]\TU/lmtt/m/n/10 ## 57    57     20.1          20.4  1.0524  58 181.50  68.00 27.6    145.1 39.1[] 
 []


Overfull \hbox (69.75pt too wide) in paragraph at lines 1464--1464
[]\TU/lmtt/m/n/10 ## 58    58     27.1          28.0  1.0356  62 201.25  69.50 29.3    146.7 40.5[] 
 []


Overfull \hbox (69.75pt too wide) in paragraph at lines 1464--1464
[]\TU/lmtt/m/n/10 ## 59    59     30.4          31.5  1.0280  54 202.50  70.75 28.4    141.0 40.5[] 
 []


Overfull \hbox (69.75pt too wide) in paragraph at lines 1464--1464
[]\TU/lmtt/m/n/10 ## 60    60     24.0          24.6  1.0430  61 179.75  65.75 29.2    136.7 38.4[] 
 []


Overfull \hbox (69.75pt too wide) in paragraph at lines 1464--1464
[]\TU/lmtt/m/n/10 ## 61    61     25.4          26.1  1.0396  62 216.00  73.25 28.2    161.2 41.4[] 
 []


Overfull \hbox (69.75pt too wide) in paragraph at lines 1464--1464
[]\TU/lmtt/m/n/10 ## 62    62     28.8          29.8  1.0317  56 178.75  68.50 26.8    127.4 35.6[] 
 []


Overfull \hbox (69.75pt too wide) in paragraph at lines 1464--1464
[]\TU/lmtt/m/n/10 ## 63    63     29.6          30.7  1.0298  54 193.25  70.25 27.6    136.1 38.0[] 
 []


Overfull \hbox (69.75pt too wide) in paragraph at lines 1464--1464
[]\TU/lmtt/m/n/10 ## 64    64     25.1          25.8  1.0403  61 178.00  67.00 27.9    133.3 37.4[] 
 []


Overfull \hbox (69.75pt too wide) in paragraph at lines 1464--1464
[]\TU/lmtt/m/n/10 ## 65    65     31.0          32.3  1.0264  57 205.50  70.00 29.5    141.7 40.1[] 
 []


Overfull \hbox (69.75pt too wide) in paragraph at lines 1464--1464
[]\TU/lmtt/m/n/10 ## 66    66     28.9          30.0  1.0313  55 183.50  67.50 28.3    130.4 40.9[] 
 []


Overfull \hbox (69.75pt too wide) in paragraph at lines 1464--1464
[]\TU/lmtt/m/n/10 ## 67    67     21.1          21.5  1.0499  54 151.50  70.75 21.3    119.6 35.6[] 
 []


Overfull \hbox (69.75pt too wide) in paragraph at lines 1464--1464
[]\TU/lmtt/m/n/10 ## 68    68     14.0          13.8  1.0673  55 154.75  71.50 21.3    133.1 36.9[] 
 []


Overfull \hbox (69.75pt too wide) in paragraph at lines 1464--1464
[]\TU/lmtt/m/n/10 ## 69    69      7.1           6.3  1.0847  54 155.25  69.25 22.8    144.2 37.5[] 
 []


Overfull \hbox (69.75pt too wide) in paragraph at lines 1464--1464
[]\TU/lmtt/m/n/10 ## 70    70     13.2          12.9  1.0693  55 156.75  71.50 21.6    136.1 36.3[] 
 []


Overfull \hbox (69.75pt too wide) in paragraph at lines 1464--1464
[]\TU/lmtt/m/n/10 ## 71    71     23.7          24.3  1.0439  62 167.50  71.50 23.1    127.8 35.5[] 
 []


Overfull \hbox (69.75pt too wide) in paragraph at lines 1464--1464
[]\TU/lmtt/m/n/10 ## 72    72      9.4           8.8  1.0788  55 146.75  68.75 21.9    132.9 38.7[] 
 []

[22]
Overfull \hbox (69.75pt too wide) in paragraph at lines 1464--1464
[]\TU/lmtt/m/n/10 ## 73    73      9.1           8.5  1.0796  56 160.75  73.75 20.8    146.1 36.4[] 
 []


Overfull \hbox (69.75pt too wide) in paragraph at lines 1464--1464
[]\TU/lmtt/m/n/10 ## 74    74     13.7          13.5  1.0680  55 125.00  64.00 21.5    107.9 33.2[] 
 []


Overfull \hbox (69.75pt too wide) in paragraph at lines 1464--1464
[]\TU/lmtt/m/n/10 ## 75    75     12.0          11.8  1.0720  61 143.00  65.75 23.3    125.9 36.5[] 
 []


Overfull \hbox (69.75pt too wide) in paragraph at lines 1464--1464
[]\TU/lmtt/m/n/10 ## 76    76     18.3          18.5  1.0666  61 148.25  67.50 22.9    121.1 36.0[] 
 []


Overfull \hbox (69.75pt too wide) in paragraph at lines 1464--1464
[]\TU/lmtt/m/n/10 ## 77    77      9.2           8.8  1.0790  57 162.50  69.50 23.7    147.5 38.7[] 
 []


Overfull \hbox (69.75pt too wide) in paragraph at lines 1464--1464
[]\TU/lmtt/m/n/10 ## 78    78     21.7          22.2  1.0483  69 177.75  68.50 26.7    139.1 38.7[] 
 []


Overfull \hbox (69.75pt too wide) in paragraph at lines 1464--1464
[]\TU/lmtt/m/n/10 ## 79    79     21.1          21.5  1.0498  81 161.25  70.25 23.0    127.2 37.8[] 
 []


Overfull \hbox (69.75pt too wide) in paragraph at lines 1464--1464
[]\TU/lmtt/m/n/10 ## 80    80     18.6          18.8  1.0560  66 171.25  69.25 25.1    139.5 37.4[] 
 []


Overfull \hbox (69.75pt too wide) in paragraph at lines 1464--1464
[]\TU/lmtt/m/n/10 ## 81    81     30.2          31.4  1.0283  67 163.75  67.75 25.1    114.3 38.4[] 
 []


Overfull \hbox (69.75pt too wide) in paragraph at lines 1464--1464
[]\TU/lmtt/m/n/10 ## 82    82     26.0          26.8  1.0382  64 150.25  67.25 23.4    111.2 38.1[] 
 []


Overfull \hbox (69.75pt too wide) in paragraph at lines 1464--1464
[]\TU/lmtt/m/n/10 ## 83    83     18.2          18.4  1.0568  64 190.25  72.75 25.3    155.6 39.3[] 
 []


Overfull \hbox (69.75pt too wide) in paragraph at lines 1464--1464
[]\TU/lmtt/m/n/10 ## 84    84     26.2          27.0  1.0377  70 170.75  70.00 24.5    126.0 38.7[] 
 []


Overfull \hbox (69.75pt too wide) in paragraph at lines 1464--1464
[]\TU/lmtt/m/n/10 ## 85    85     26.1          27.0  1.0378  72 168.00  69.25 24.7    124.1 38.5[] 
 []


Overfull \hbox (69.75pt too wide) in paragraph at lines 1464--1464
[]\TU/lmtt/m/n/10 ## 86    86     25.8          26.6  1.0386  67 167.00  67.50 26.0    123.9 36.5[] 
 []


Overfull \hbox (69.75pt too wide) in paragraph at lines 1464--1464
[]\TU/lmtt/m/n/10 ## 87    87     15.0          14.9  1.0648  72 157.75  67.25 24.6    134.1 37.7[] 
 []


Overfull \hbox (69.75pt too wide) in paragraph at lines 1464--1464
[]\TU/lmtt/m/n/10 ## 88    88     22.6          23.1  1.0462  64 160.00  65.75 26.0    123.8 36.5[] 
 []


Overfull \hbox (69.75pt too wide) in paragraph at lines 1464--1464
[]\TU/lmtt/m/n/10 ## 89    89      8.8           8.3  1.0800  46 176.75  72.50 23.7    161.1 38.0[] 
 []


Overfull \hbox (69.75pt too wide) in paragraph at lines 1464--1464
[]\TU/lmtt/m/n/10 ## 90    90     14.3          14.1  1.0666  48 176.00  73.00 23.3    150.9 36.7[] 
 []


Overfull \hbox (69.75pt too wide) in paragraph at lines 1464--1464
[]\TU/lmtt/m/n/10 ## 91    91     20.2          20.5  1.0520  46 177.00  70.00 25.4    141.3 37.2[] 
 []


Overfull \hbox (69.75pt too wide) in paragraph at lines 1464--1464
[]\TU/lmtt/m/n/10 ## 92    92     18.1          18.2  1.0573  44 179.75  69.50 26.2    147.3 39.2[] 
 []


Overfull \hbox (69.75pt too wide) in paragraph at lines 1464--1464
[]\TU/lmtt/m/n/10 ## 93    93      9.2           8.5  1.0795  47 165.25  70.50 23.4    150.1 37.5[] 
 []


Overfull \hbox (69.75pt too wide) in paragraph at lines 1464--1464
[]\TU/lmtt/m/n/10 ## 94    94     24.2          24.9  1.0424  46 192.50  71.75 26.3    145.9 38.0[] 
 []


Overfull \hbox (69.75pt too wide) in paragraph at lines 1464--1464
[]\TU/lmtt/m/n/10 ## 95    95      9.6           9.0  1.0785  47 184.25  74.50 23.4    166.6 37.3[] 
 []


Overfull \hbox (69.75pt too wide) in paragraph at lines 1464--1464
[]\TU/lmtt/m/n/10 ## 96    96     17.3          17.4  1.0991  53 224.50  77.75 26.1    185.7 41.1[] 
 []


Overfull \hbox (69.75pt too wide) in paragraph at lines 1464--1464
[]\TU/lmtt/m/n/10 ## 97    97     10.1           9.6  1.0770  38 188.75  73.25 24.8    169.6 37.5[] 
 []


Overfull \hbox (69.75pt too wide) in paragraph at lines 1464--1464
[]\TU/lmtt/m/n/10 ## 98    98     11.1          11.3  1.0730  50 162.50  66.50 25.9    143.5 38.7[] 
 []


Overfull \hbox (69.75pt too wide) in paragraph at lines 1464--1464
[]\TU/lmtt/m/n/10 ## 99    99     17.7          17.8  1.0582  46 156.50  68.25 23.7    128.8 35.9[] 
 []


Overfull \hbox (69.75pt too wide) in paragraph at lines 1464--1464
[]\TU/lmtt/m/n/10 ## 100  100     21.7          22.2  1.0484  47 197.00  72.00 26.7    154.2 40.0[] 
 []


Overfull \hbox (69.75pt too wide) in paragraph at lines 1464--1464
[]\TU/lmtt/m/n/10 ## 101  101     20.8          21.2  1.0506  49 198.50  73.50 25.9    157.2 40.1[] 
 []


Overfull \hbox (69.75pt too wide) in paragraph at lines 1464--1464
[]\TU/lmtt/m/n/10 ## 102  102     20.1          20.4  1.0524  48 173.75  72.00 23.6    138.9 37.0[] 
 []


Overfull \hbox (69.75pt too wide) in paragraph at lines 1464--1464
[]\TU/lmtt/m/n/10 ## 103  103     19.8          20.1  1.0530  41 172.75  71.25 24.0    138.6 36.3[] 
 []


Overfull \hbox (69.75pt too wide) in paragraph at lines 1464--1464
[]\TU/lmtt/m/n/10 ## 104  104     21.9          22.3  1.0480  49 196.75  73.75 25.5    153.7 40.7[] 
 []


Overfull \hbox (69.75pt too wide) in paragraph at lines 1464--1464
[]\TU/lmtt/m/n/10 ## 105  105     24.7          25.4  1.0412  43 177.00  69.25 26.0    133.2 39.6[] 
 []


Overfull \hbox (69.75pt too wide) in paragraph at lines 1464--1464
[]\TU/lmtt/m/n/10 ## 106  106     17.8          18.0  1.0578  43 165.50  68.50 24.8    136.0 31.1[] 
 []


Overfull \hbox (69.75pt too wide) in paragraph at lines 1464--1464
[]\TU/lmtt/m/n/10 ## 107  107     19.1          19.3  1.0547  43 200.25  73.50 26.0    162.0 38.6[] 
 []


Overfull \hbox (69.75pt too wide) in paragraph at lines 1464--1464
[]\TU/lmtt/m/n/10 ## 108  108     18.2          18.3  1.0569  52 203.25  74.25 26.0    166.3 42.0[] 
 []


Overfull \hbox (69.75pt too wide) in paragraph at lines 1464--1464
[]\TU/lmtt/m/n/10 ## 109  109     17.2          17.3  1.0593  43 194.00  75.50 24.0    160.6 38.5[] 
 []


Overfull \hbox (69.75pt too wide) in paragraph at lines 1464--1464
[]\TU/lmtt/m/n/10 ## 110  110     21.0          21.4  1.0500  40 168.50  69.25 24.7    133.1 34.2[] 
 []


Overfull \hbox (69.75pt too wide) in paragraph at lines 1464--1464
[]\TU/lmtt/m/n/10 ## 111  111     19.5          19.7  1.0538  43 170.75  68.50 25.6    137.5 37.2[] 
 []


Overfull \hbox (69.75pt too wide) in paragraph at lines 1464--1464
[]\TU/lmtt/m/n/10 ## 112  112     27.1          28.0  1.0355  43 183.25  70.00 26.3    133.5 37.1[] 
 []


Overfull \hbox (69.75pt too wide) in paragraph at lines 1464--1464
[]\TU/lmtt/m/n/10 ## 113  113     21.6          22.1  1.0486  47 178.25  70.00 25.6    139.7 40.2[] 
 []


Overfull \hbox (69.75pt too wide) in paragraph at lines 1464--1464
[]\TU/lmtt/m/n/10 ## 114  114     20.9          21.3  1.0503  42 163.00  70.25 23.3    128.9 35.3[] 
 []


Overfull \hbox (69.75pt too wide) in paragraph at lines 1464--1464
[]\TU/lmtt/m/n/10 ## 115  115     25.9          26.7  1.0384  48 175.25  71.75 24.0    129.9 38.0[] 
 []


Overfull \hbox (69.75pt too wide) in paragraph at lines 1464--1464
[]\TU/lmtt/m/n/10 ## 116  116     16.7          16.7  1.0607  40 158.00  69.25 23.4    131.7 36.3[] 
 []


Overfull \hbox (69.75pt too wide) in paragraph at lines 1464--1464
[]\TU/lmtt/m/n/10 ## 117  117     19.8          20.1  1.0529  48 177.25  72.75 23.6    142.1 36.8[] 
 []


Overfull \hbox (69.75pt too wide) in paragraph at lines 1464--1464
[]\TU/lmtt/m/n/10 ## 118  118     14.1          13.9  1.0671  51 179.00  72.00 24.3    153.8 41.0[] 
 []

[23]
Overfull \hbox (69.75pt too wide) in paragraph at lines 1464--1464
[]\TU/lmtt/m/n/10 ## 119  119     25.1          25.8  1.0404  40 191.00  74.00 24.6    143.1 38.3[] 
 []


Overfull \hbox (69.75pt too wide) in paragraph at lines 1464--1464
[]\TU/lmtt/m/n/10 ## 120  120     17.9          18.1  1.0575  44 187.50  72.25 25.3    153.8 38.0[] 
 []


Overfull \hbox (69.75pt too wide) in paragraph at lines 1464--1464
[]\TU/lmtt/m/n/10 ## 121  121     27.0          27.9  1.0358  52 206.50  74.50 26.2    150.7 40.8[] 
 []


Overfull \hbox (69.75pt too wide) in paragraph at lines 1464--1464
[]\TU/lmtt/m/n/10 ## 122  122     24.6          25.3  1.0414  44 185.25  71.50 25.5    139.6 39.5[] 
 []


Overfull \hbox (69.75pt too wide) in paragraph at lines 1464--1464
[]\TU/lmtt/m/n/10 ## 123  123     14.8          14.7  1.0652  40 160.25  68.75 23.9    136.5 36.9[] 
 []


Overfull \hbox (69.75pt too wide) in paragraph at lines 1464--1464
[]\TU/lmtt/m/n/10 ## 124  124     16.0          16.0  1.0623  47 151.50  66.75 23.9    127.3 36.9[] 
 []


Overfull \hbox (69.75pt too wide) in paragraph at lines 1464--1464
[]\TU/lmtt/m/n/10 ## 125  125     14.0          13.8  1.0674  50 161.00  66.50 25.6    138.5 37.7[] 
 []


Overfull \hbox (69.75pt too wide) in paragraph at lines 1464--1464
[]\TU/lmtt/m/n/10 ## 126  126     17.4          17.5  1.0587  46 167.00  67.00 26.2    137.9 36.6[] 
 []


Overfull \hbox (69.75pt too wide) in paragraph at lines 1464--1464
[]\TU/lmtt/m/n/10 ## 127  127     26.4          27.2  1.0373  42 177.50  68.75 26.4    130.7 38.9[] 
 []


Overfull \hbox (69.75pt too wide) in paragraph at lines 1464--1464
[]\TU/lmtt/m/n/10 ## 128  128     17.4          17.4  1.0590  43 152.25  67.75 23.4    125.8 37.5[] 
 []


Overfull \hbox (69.75pt too wide) in paragraph at lines 1464--1464
[]\TU/lmtt/m/n/10 ## 129  129     20.4          20.8  1.0515  40 192.25  73.25 25.2    153.0 39.8[] 
 []


Overfull \hbox (69.75pt too wide) in paragraph at lines 1464--1464
[]\TU/lmtt/m/n/10 ## 130  130     15.0          14.9  1.0648  42 165.25  69.75 23.9    140.5 38.3[] 
 []


Overfull \hbox (69.75pt too wide) in paragraph at lines 1464--1464
[]\TU/lmtt/m/n/10 ## 131  131     18.0          18.1  1.0575  49 171.75  71.50 23.7    140.9 35.5[] 
 []


Overfull \hbox (69.75pt too wide) in paragraph at lines 1464--1464
[]\TU/lmtt/m/n/10 ## 132  132     22.2          22.7  1.0472  40 171.25  70.50 24.3    133.3 36.3[] 
 []


Overfull \hbox (69.75pt too wide) in paragraph at lines 1464--1464
[]\TU/lmtt/m/n/10 ## 133  133     23.1          23.6  1.0452  47 197.00  73.25 25.8    151.2 37.8[] 
 []


Overfull \hbox (69.75pt too wide) in paragraph at lines 1464--1464
[]\TU/lmtt/m/n/10 ## 134  134     25.3          26.1  1.0398  50 157.00  66.75 24.8    117.2 37.8[] 
 []


Overfull \hbox (69.75pt too wide) in paragraph at lines 1464--1464
[]\TU/lmtt/m/n/10 ## 135  135     23.8          24.4  1.0435  41 168.25  69.50 24.5    128.3 36.5[] 
 []


Overfull \hbox (69.75pt too wide) in paragraph at lines 1464--1464
[]\TU/lmtt/m/n/10 ## 136  136     26.3          27.1  1.0374  44 186.00  69.75 26.8    137.1 37.8[] 
 []


Overfull \hbox (69.75pt too wide) in paragraph at lines 1464--1464
[]\TU/lmtt/m/n/10 ## 137  137     21.4          21.8  1.0491  39 166.75  70.75 23.5    131.0 37.0[] 
 []


Overfull \hbox (69.75pt too wide) in paragraph at lines 1464--1464
[]\TU/lmtt/m/n/10 ## 138  138     28.4          29.4  1.0325  43 187.75  74.00 24.1    134.4 37.7[] 
 []


Overfull \hbox (69.75pt too wide) in paragraph at lines 1464--1464
[]\TU/lmtt/m/n/10 ## 139  139     21.8          22.4  1.0481  40 168.25  71.25 23.3    131.6 34.3[] 
 []


Overfull \hbox (69.75pt too wide) in paragraph at lines 1464--1464
[]\TU/lmtt/m/n/10 ## 140  140     20.1          20.4  1.0522  49 212.75  75.00 26.6    169.9 40.8[] 
 []


Overfull \hbox (69.75pt too wide) in paragraph at lines 1464--1464
[]\TU/lmtt/m/n/10 ## 141  141     24.3          24.9  1.0422  40 176.75  71.00 24.6    133.8 37.4[] 
 []


Overfull \hbox (69.75pt too wide) in paragraph at lines 1464--1464
[]\TU/lmtt/m/n/10 ## 142  142     18.1          18.3  1.0571  40 173.25  69.50 25.3    141.8 36.5[] 
 []


Overfull \hbox (69.75pt too wide) in paragraph at lines 1464--1464
[]\TU/lmtt/m/n/10 ## 143  143     22.7          23.3  1.0459  52 167.00  67.75 25.6    129.0 37.5[] 
 []


Overfull \hbox (69.75pt too wide) in paragraph at lines 1464--1464
[]\TU/lmtt/m/n/10 ## 144  144      9.9           9.4  1.0775  23 159.75  72.25 21.6    143.9 35.5[] 
 []


Overfull \hbox (69.75pt too wide) in paragraph at lines 1464--1464
[]\TU/lmtt/m/n/10 ## 145  145     10.8          10.3  1.0754  23 188.15  77.50 22.1    168.4 38.0[] 
 []


Overfull \hbox (69.75pt too wide) in paragraph at lines 1464--1464
[]\TU/lmtt/m/n/10 ## 146  146     14.4          14.2  1.0664  24 156.00  70.75 21.9    133.6 35.7[] 
 []


Overfull \hbox (69.75pt too wide) in paragraph at lines 1464--1464
[]\TU/lmtt/m/n/10 ## 147  147     19.0          19.2  1.0550  24 208.50  72.75 27.7    168.9 39.2[] 
 []


Overfull \hbox (69.75pt too wide) in paragraph at lines 1464--1464
[]\TU/lmtt/m/n/10 ## 148  148     28.6          29.6  1.0322  25 206.50  69.75 29.8    147.5 40.9[] 
 []


Overfull \hbox (69.75pt too wide) in paragraph at lines 1464--1464
[]\TU/lmtt/m/n/10 ## 149  149      6.1           5.3  1.0873  25 143.75  72.50 19.3    135.0 35.2[] 
 []


Overfull \hbox (69.75pt too wide) in paragraph at lines 1464--1464
[]\TU/lmtt/m/n/10 ## 150  150     24.5          25.2  1.0416  26 223.00  70.25 31.8    168.3 40.6[] 
 []


Overfull \hbox (69.75pt too wide) in paragraph at lines 1464--1464
[]\TU/lmtt/m/n/10 ## 151  151      9.9           9.4  1.0776  26 152.25  69.00 22.5    137.2 35.4[] 
 []


Overfull \hbox (69.75pt too wide) in paragraph at lines 1464--1464
[]\TU/lmtt/m/n/10 ## 152  152     19.1          19.6  1.0542  26 241.75  74.50 30.7    195.1 41.8[] 
 []


Overfull \hbox (69.75pt too wide) in paragraph at lines 1464--1464
[]\TU/lmtt/m/n/10 ## 153  153     10.6          10.1  1.0758  27 146.00  72.25 19.7    130.5 34.1[] 
 []


Overfull \hbox (69.75pt too wide) in paragraph at lines 1464--1464
[]\TU/lmtt/m/n/10 ## 154  154     16.5          16.5  1.0610  27 156.75  67.25 24.4    130.9 37.9[] 
 []


Overfull \hbox (69.75pt too wide) in paragraph at lines 1464--1464
[]\TU/lmtt/m/n/10 ## 155  155     20.5          21.0  1.0510  27 200.25  73.50 26.1    159.3 38.2[] 
 []


Overfull \hbox (69.75pt too wide) in paragraph at lines 1464--1464
[]\TU/lmtt/m/n/10 ## 156  156     17.2          17.3  1.0594  28 171.50  75.25 21.6    142.0 35.6[] 
 []


Overfull \hbox (69.75pt too wide) in paragraph at lines 1464--1464
[]\TU/lmtt/m/n/10 ## 157  157     30.1          31.2  1.0287  28 205.75  69.00 30.4    143.9 38.5[] 
 []


Overfull \hbox (69.75pt too wide) in paragraph at lines 1464--1464
[]\TU/lmtt/m/n/10 ## 158  158     10.5          10.0  1.0761  28 182.50  72.25 24.6    163.4 37.0[] 
 []


Overfull \hbox (69.75pt too wide) in paragraph at lines 1464--1464
[]\TU/lmtt/m/n/10 ## 159  159     12.8          12.5  1.0704  30 136.50  68.75 20.3    119.1 35.9[] 
 []


Overfull \hbox (69.75pt too wide) in paragraph at lines 1464--1464
[]\TU/lmtt/m/n/10 ## 160  160     22.0          22.5  1.0477  31 177.25  71.50 24.4    138.3 36.2[] 
 []


Overfull \hbox (69.75pt too wide) in paragraph at lines 1464--1464
[]\TU/lmtt/m/n/10 ## 161  161      9.9           9.4  1.0775  31 151.25  72.25 20.4    136.2 35.0[] 
 []


Overfull \hbox (69.75pt too wide) in paragraph at lines 1464--1464
[]\TU/lmtt/m/n/10 ## 162  162     14.8          14.6  1.0653  33 196.00  73.00 25.9    167.0 38.5[] 
 []


Overfull \hbox (69.75pt too wide) in paragraph at lines 1464--1464
[]\TU/lmtt/m/n/10 ## 163  163     13.3          13.0  1.0690  33 184.25  68.75 24.4    159.8 40.7[] 
 []


Overfull \hbox (69.75pt too wide) in paragraph at lines 1464--1464
[]\TU/lmtt/m/n/10 ## 164  164     15.2          15.1  1.0644  34 140.00  70.50 19.8    118.8 36.0[] 
 []

[24]
Overfull \hbox (69.75pt too wide) in paragraph at lines 1464--1464
[]\TU/lmtt/m/n/10 ## 165  165     26.5          27.3  1.0370  34 218.75  72.00 29.7    160.8 39.5[] 
 []


Overfull \hbox (69.75pt too wide) in paragraph at lines 1464--1464
[]\TU/lmtt/m/n/10 ## 166  166     19.0          19.2  1.0549  35 217.00  73.75 28.1    175.8 40.5[] 
 []


Overfull \hbox (69.75pt too wide) in paragraph at lines 1464--1464
[]\TU/lmtt/m/n/10 ## 167  167     21.4          21.8  1.0492  35 166.25  68.00 25.3    130.7 38.5[] 
 []


Overfull \hbox (69.75pt too wide) in paragraph at lines 1464--1464
[]\TU/lmtt/m/n/10 ## 168  168     20.0          20.3  1.0525  35 224.75  72.25 30.3    179.7 43.9[] 
 []


Overfull \hbox (69.75pt too wide) in paragraph at lines 1464--1464
[]\TU/lmtt/m/n/10 ## 169  169     34.7          34.3  1.0180  35 228.25  69.50 33.3    149.3 40.4[] 
 []


Overfull \hbox (69.75pt too wide) in paragraph at lines 1464--1464
[]\TU/lmtt/m/n/10 ## 170  170     16.5          16.5  1.0610  35 172.75  69.50 25.2    144.2 37.6[] 
 []


Overfull \hbox (69.75pt too wide) in paragraph at lines 1464--1464
[]\TU/lmtt/m/n/10 ## 171  171      4.1           3.0  1.0926  35 152.25  67.75 23.4    146.1 37.0[] 
 []


Overfull \hbox (69.75pt too wide) in paragraph at lines 1464--1464
[]\TU/lmtt/m/n/10 ## 172  172      1.9           0.7  1.0983  35 125.75  65.50 20.6    123.4 34.0[] 
 []


Overfull \hbox (69.75pt too wide) in paragraph at lines 1464--1464
[]\TU/lmtt/m/n/10 ## 173  173     20.2          20.5  1.0521  35 177.25  71.00 24.8    141.7 38.4[] 
 []


Overfull \hbox (69.75pt too wide) in paragraph at lines 1464--1464
[]\TU/lmtt/m/n/10 ## 174  174     16.8          16.9  1.0603  36 176.25  71.50 24.3    146.6 38.7[] 
 []


Overfull \hbox (69.75pt too wide) in paragraph at lines 1464--1464
[]\TU/lmtt/m/n/10 ## 175  175     24.6          25.3  1.0414  36 226.75  71.75 31.0    170.9 41.5[] 
 []


Overfull \hbox (69.75pt too wide) in paragraph at lines 1464--1464
[]\TU/lmtt/m/n/10 ## 176  176     10.4           9.9  1.0763  37 145.25  69.25 21.3    130.2 36.0[] 
 []


Overfull \hbox (69.75pt too wide) in paragraph at lines 1464--1464
[]\TU/lmtt/m/n/10 ## 177  177     13.4          13.1  1.0689  37 151.00  67.00 23.7    130.8 35.3[] 
 []


Overfull \hbox (69.75pt too wide) in paragraph at lines 1464--1464
[]\TU/lmtt/m/n/10 ## 178  178     28.8          29.9  1.0316  37 241.25  71.50 33.2    171.7 42.1[] 
 []


Overfull \hbox (69.75pt too wide) in paragraph at lines 1464--1464
[]\TU/lmtt/m/n/10 ## 179  179     22.0          22.5  1.0477  38 187.25  69.25 27.5    146.1 38.0[] 
 []


Overfull \hbox (69.75pt too wide) in paragraph at lines 1464--1464
[]\TU/lmtt/m/n/10 ## 180  180     16.8          16.9  1.0603  39 234.75  74.50 29.8    195.3 42.8[] 
 []


Overfull \hbox (69.75pt too wide) in paragraph at lines 1464--1464
[]\TU/lmtt/m/n/10 ## 181  181     25.8          26.6  1.0387  39 219.25  74.25 28.0    162.7 40.0[] 
 []


Overfull \hbox (69.75pt too wide) in paragraph at lines 1464--1464
[]\TU/lmtt/m/n/10 ## 182  182      0.0           0.0  1.1089  40 118.50  68.00 18.1    118.5 33.8[] 
 []


Overfull \hbox (69.75pt too wide) in paragraph at lines 1464--1464
[]\TU/lmtt/m/n/10 ## 183  183     11.9          11.5  1.0725  40 145.75  67.25 22.7    128.4 35.5[] 
 []


Overfull \hbox (69.75pt too wide) in paragraph at lines 1464--1464
[]\TU/lmtt/m/n/10 ## 184  184     12.4          12.1  1.0713  40 159.25  69.75 23.0    139.5 35.3[] 
 []


Overfull \hbox (69.75pt too wide) in paragraph at lines 1464--1464
[]\TU/lmtt/m/n/10 ## 185  185     17.4          17.5  1.0587  40 170.50  74.25 21.8    140.8 37.7[] 
 []


Overfull \hbox (69.75pt too wide) in paragraph at lines 1464--1464
[]\TU/lmtt/m/n/10 ## 186  186      9.2           8.6  1.0794  40 167.50  71.50 23.1    152.1 39.4[] 
 []


Overfull \hbox (69.75pt too wide) in paragraph at lines 1464--1464
[]\TU/lmtt/m/n/10 ## 187  187     23.0          23.6  1.0453  41 232.75  74.25 29.7    179.2 41.9[] 
 []


Overfull \hbox (69.75pt too wide) in paragraph at lines 1464--1464
[]\TU/lmtt/m/n/10 ## 188  188     20.1          20.4  1.0524  41 210.50  72.00 28.6    168.3 38.5[] 
 []


Overfull \hbox (69.75pt too wide) in paragraph at lines 1464--1464
[]\TU/lmtt/m/n/10 ## 189  189     20.2          20.5  1.0520  41 202.25  72.50 27.0    161.4 40.8[] 
 []


Overfull \hbox (69.75pt too wide) in paragraph at lines 1464--1464
[]\TU/lmtt/m/n/10 ## 190  190     23.8          24.4  1.0434  41 185.00  68.25 28.0    141.0 38.0[] 
 []


Overfull \hbox (69.75pt too wide) in paragraph at lines 1464--1464
[]\TU/lmtt/m/n/10 ## 191  191     11.8          11.4  1.0728  41 153.00  69.25 22.5    135.0 36.4[] 
 []


Overfull \hbox (69.75pt too wide) in paragraph at lines 1464--1464
[]\TU/lmtt/m/n/10 ## 192  192     36.5          38.1  1.0140  42 244.25  76.00 29.8    155.2 41.8[] 
 []


Overfull \hbox (69.75pt too wide) in paragraph at lines 1464--1464
[]\TU/lmtt/m/n/10 ## 193  193     16.0          15.9  1.0624  42 193.50  70.50 27.4    162.6 40.7[] 
 []


Overfull \hbox (69.75pt too wide) in paragraph at lines 1464--1464
[]\TU/lmtt/m/n/10 ## 194  194     24.0          24.7  1.0429  42 224.75  74.75 28.3    170.8 38.5[] 
 []


Overfull \hbox (69.75pt too wide) in paragraph at lines 1464--1464
[]\TU/lmtt/m/n/10 ## 195  195     22.3          22.8  1.0470  42 162.75  72.75 21.6    126.5 35.4[] 
 []


Overfull \hbox (69.75pt too wide) in paragraph at lines 1464--1464
[]\TU/lmtt/m/n/10 ## 196  196     24.8          25.5  1.0411  42 180.00  68.25 27.2    135.4 38.5[] 
 []


Overfull \hbox (69.75pt too wide) in paragraph at lines 1464--1464
[]\TU/lmtt/m/n/10 ## 197  197     21.5          22.0  1.0488  42 156.25  69.00 23.1    122.6 35.5[] 
 []


Overfull \hbox (69.75pt too wide) in paragraph at lines 1464--1464
[]\TU/lmtt/m/n/10 ## 198  198     17.6          17.7  1.0583  42 168.00  71.50 23.1    138.4 36.5[] 
 []


Overfull \hbox (69.75pt too wide) in paragraph at lines 1464--1464
[]\TU/lmtt/m/n/10 ## 199  199      7.3           6.6  1.0841  42 167.25  72.75 22.3    155.1 37.6[] 
 []


Overfull \hbox (69.75pt too wide) in paragraph at lines 1464--1464
[]\TU/lmtt/m/n/10 ## 200  200     22.6          23.6  1.0462  43 170.75  67.50 26.4    132.1 37.4[] 
 []


Overfull \hbox (69.75pt too wide) in paragraph at lines 1464--1464
[]\TU/lmtt/m/n/10 ## 201  201     12.5          12.2  1.0709  43 178.25  70.25 25.4    155.9 37.8[] 
 []


Overfull \hbox (69.75pt too wide) in paragraph at lines 1464--1464
[]\TU/lmtt/m/n/10 ## 202  202     21.7          22.1  1.0484  43 150.00  69.25 22.0    117.5 35.2[] 
 []


Overfull \hbox (69.75pt too wide) in paragraph at lines 1464--1464
[]\TU/lmtt/m/n/10 ## 203  203     27.7          28.7  1.0340  43 200.50  71.50 27.6    144.9 37.9[] 
 []


Overfull \hbox (69.75pt too wide) in paragraph at lines 1464--1464
[]\TU/lmtt/m/n/10 ## 204  204      6.8           6.0  1.0854  44 184.00  74.00 23.7    171.4 37.9[] 
 []


Overfull \hbox (69.75pt too wide) in paragraph at lines 1464--1464
[]\TU/lmtt/m/n/10 ## 205  205     33.4          34.8  1.0209  44 223.00  69.75 32.3    148.5 40.9[] 
 []


Overfull \hbox (69.75pt too wide) in paragraph at lines 1464--1464
[]\TU/lmtt/m/n/10 ## 206  206     16.6          16.6  1.0610  44 208.75  73.00 27.6    174.2 41.9[] 
 []


Overfull \hbox (69.75pt too wide) in paragraph at lines 1464--1464
[]\TU/lmtt/m/n/10 ## 207  207     31.7          32.9  1.0250  44 166.00  65.50 27.2    113.5 39.1[] 
 []


Overfull \hbox (69.75pt too wide) in paragraph at lines 1464--1464
[]\TU/lmtt/m/n/10 ## 208  208     31.5          32.8  1.0254  47 195.00  72.50 26.1    133.6 40.2[] 
 []


Overfull \hbox (69.75pt too wide) in paragraph at lines 1464--1464
[]\TU/lmtt/m/n/10 ## 209  209     10.1           9.6  1.0771  47 160.50  70.25 22.9    144.3 36.0[] 
 []


Overfull \hbox (69.75pt too wide) in paragraph at lines 1464--1464
[]\TU/lmtt/m/n/10 ## 210  210     11.3          10.8  1.0742  47 159.75  70.75 22.5    141.8 34.5[] 
 []

[25]
Overfull \hbox (69.75pt too wide) in paragraph at lines 1464--1464
[]\TU/lmtt/m/n/10 ## 211  211      7.8           7.1  1.0829  49 140.50  68.00 21.4    129.5 35.8[] 
 []


Overfull \hbox (69.75pt too wide) in paragraph at lines 1464--1464
[]\TU/lmtt/m/n/10 ## 212  212     26.4          27.2  1.0373  49 216.25  74.50 27.4    159.3 40.2[] 
 []


Overfull \hbox (69.75pt too wide) in paragraph at lines 1464--1464
[]\TU/lmtt/m/n/10 ## 213  213     19.3          19.5  1.0543  49 168.25  71.75 23.0    135.9 38.3[] 
 []


Overfull \hbox (69.75pt too wide) in paragraph at lines 1464--1464
[]\TU/lmtt/m/n/10 ## 214  214     18.5          18.7  1.0561  50 194.75  70.75 27.4    158.7 39.0[] 
 []


Overfull \hbox (69.75pt too wide) in paragraph at lines 1464--1464
[]\TU/lmtt/m/n/10 ## 215  215     19.3          19.5  1.0543  50 172.75  73.00 22.8    139.4 37.4[] 
 []


Overfull \hbox (69.75pt too wide) in paragraph at lines 1464--1464
[]\TU/lmtt/m/n/10 ## 216  216     45.1          47.5  0.9950  51 219.00  64.00 37.6    120.2 41.2[] 
 []


Overfull \hbox (69.75pt too wide) in paragraph at lines 1464--1464
[]\TU/lmtt/m/n/10 ## 217  217     13.8          13.6  1.0678  51 149.25  69.75 21.6    128.7 34.8[] 
 []


Overfull \hbox (69.75pt too wide) in paragraph at lines 1464--1464
[]\TU/lmtt/m/n/10 ## 218  218      8.2           7.5  1.0819  51 154.50  70.00 22.2    141.9 36.9[] 
 []


Overfull \hbox (69.75pt too wide) in paragraph at lines 1464--1464
[]\TU/lmtt/m/n/10 ## 219  219     23.9          24.5  1.0433  52 199.25  71.75 27.2    151.7 39.4[] 
 []


Overfull \hbox (69.75pt too wide) in paragraph at lines 1464--1464
[]\TU/lmtt/m/n/10 ## 220  220     15.1          15.0  1.0646  53 154.50  69.25 22.7    131.2 37.6[] 
 []


Overfull \hbox (69.75pt too wide) in paragraph at lines 1464--1464
[]\TU/lmtt/m/n/10 ## 221  221     12.7          12.4  1.0706  54 153.25  70.50 24.5    151.3 38.5[] 
 []


Overfull \hbox (69.75pt too wide) in paragraph at lines 1464--1464
[]\TU/lmtt/m/n/10 ## 222  222     25.3          26.0  1.0399  54 230.00  72.25 31.0    171.9 42.5[] 
 []


Overfull \hbox (69.75pt too wide) in paragraph at lines 1464--1464
[]\TU/lmtt/m/n/10 ## 223  223     11.9          11.5  1.0726  54 161.75  67.50 25.0    142.6 37.4[] 
 []


Overfull \hbox (69.75pt too wide) in paragraph at lines 1464--1464
[]\TU/lmtt/m/n/10 ## 224  224      6.1           5.2  1.0874  55 142.25  67.25 22.2    133.6 35.2[] 
 []


Overfull \hbox (69.75pt too wide) in paragraph at lines 1464--1464
[]\TU/lmtt/m/n/10 ## 225  225     11.3          10.9  1.0740  55 179.75  68.75 26.8    159.5 41.1[] 
 []


Overfull \hbox (69.75pt too wide) in paragraph at lines 1464--1464
[]\TU/lmtt/m/n/10 ## 226  226     12.8          12.5  1.0703  55 126.50  66.75 20.0    110.3 33.4[] 
 []


Overfull \hbox (69.75pt too wide) in paragraph at lines 1464--1464
[]\TU/lmtt/m/n/10 ## 227  227     14.9          14.8  1.0650  55 169.50  68.25 25.6    144.2 37.2[] 
 []


Overfull \hbox (69.75pt too wide) in paragraph at lines 1464--1464
[]\TU/lmtt/m/n/10 ## 228  228     24.5          25.2  1.0418  55 198.50  74.25 25.3    149.9 38.3[] 
 []


Overfull \hbox (69.75pt too wide) in paragraph at lines 1464--1464
[]\TU/lmtt/m/n/10 ## 229  229     15.0          14.9  1.0647  56 174.50  69.50 25.4    148.3 38.1[] 
 []


Overfull \hbox (69.75pt too wide) in paragraph at lines 1464--1464
[]\TU/lmtt/m/n/10 ## 230  230     16.9          17.0  1.0601  56 167.75  68.50 25.2    139.4 37.4[] 
 []


Overfull \hbox (69.75pt too wide) in paragraph at lines 1464--1464
[]\TU/lmtt/m/n/10 ## 231  231     11.1          10.6  1.0745  57 147.75  65.75 24.1    131.4 35.2[] 
 []


Overfull \hbox (69.75pt too wide) in paragraph at lines 1464--1464
[]\TU/lmtt/m/n/10 ## 232  232     16.1          16.1  1.0620  57 182.25  71.75 24.9    152.9 39.4[] 
 []


Overfull \hbox (69.75pt too wide) in paragraph at lines 1464--1464
[]\TU/lmtt/m/n/10 ## 233  233     15.5          15.4  1.0636  58 175.50  71.50 24.2    148.4 38.0[] 
 []


Overfull \hbox (69.75pt too wide) in paragraph at lines 1464--1464
[]\TU/lmtt/m/n/10 ## 234  234     25.9          26.7  1.0384  58 161.75  67.25 25.2    119.9 35.1[] 
 []


Overfull \hbox (69.75pt too wide) in paragraph at lines 1464--1464
[]\TU/lmtt/m/n/10 ## 235  235     25.5          25.8  1.0403  60 157.75  67.50 24.1    117.5 40.4[] 
 []


Overfull \hbox (69.75pt too wide) in paragraph at lines 1464--1464
[]\TU/lmtt/m/n/10 ## 236  236     18.4          18.6  1.0563  62 168.75  67.50 26.1    137.6 38.3[] 
 []


Overfull \hbox (69.75pt too wide) in paragraph at lines 1464--1464
[]\TU/lmtt/m/n/10 ## 237  237     24.0          24.8  1.0424  62 191.50  72.25 25.8    145.2 40.6[] 
 []


Overfull \hbox (69.75pt too wide) in paragraph at lines 1464--1464
[]\TU/lmtt/m/n/10 ## 238  238     26.4          27.3  1.0372  63 219.15  69.50 31.9    161.2 40.2[] 
 []


Overfull \hbox (69.75pt too wide) in paragraph at lines 1464--1464
[]\TU/lmtt/m/n/10 ## 239  239     12.7          12.4  1.0705  64 155.25  69.50 22.6    135.5 37.9[] 
 []


Overfull \hbox (69.75pt too wide) in paragraph at lines 1464--1464
[]\TU/lmtt/m/n/10 ## 240  240     28.8          29.9  1.0316  65 189.75  65.75 30.9    135.1 40.8[] 
 []


Overfull \hbox (69.75pt too wide) in paragraph at lines 1464--1464
[]\TU/lmtt/m/n/10 ## 241  241     17.0          17.0  1.0599  65 127.50  65.75 20.8    105.9 34.7[] 
 []


Overfull \hbox (69.75pt too wide) in paragraph at lines 1464--1464
[]\TU/lmtt/m/n/10 ## 242  242     33.6          35.0  1.0207  65 224.50  68.25 33.9    149.2 38.8[] 
 []


Overfull \hbox (69.75pt too wide) in paragraph at lines 1464--1464
[]\TU/lmtt/m/n/10 ## 243  243     29.3          30.4  1.0304  66 234.25  72.00 31.8    165.6 41.4[] 
 []


Overfull \hbox (69.75pt too wide) in paragraph at lines 1464--1464
[]\TU/lmtt/m/n/10 ## 244  244     31.4          32.6  1.0256  67 227.75  72.75 30.3    156.3 41.3[] 
 []


Overfull \hbox (69.75pt too wide) in paragraph at lines 1464--1464
[]\TU/lmtt/m/n/10 ## 245  245     28.1          29.0  1.0334  67 199.50  68.50 29.9    143.6 40.7[] 
 []


Overfull \hbox (69.75pt too wide) in paragraph at lines 1464--1464
[]\TU/lmtt/m/n/10 ## 246  246     15.3          15.2  1.0641  68 155.50  69.25 22.8    131.8 36.3[] 
 []


Overfull \hbox (69.75pt too wide) in paragraph at lines 1464--1464
[]\TU/lmtt/m/n/10 ## 247  247     29.1          30.2  1.0308  69 215.50  70.50 30.5    152.7 40.8[] 
 []


Overfull \hbox (69.75pt too wide) in paragraph at lines 1464--1464
[]\TU/lmtt/m/n/10 ## 248  248     11.5          11.0  1.0736  70 134.25  67.00 21.1    118.9 34.9[] 
 []


Overfull \hbox (69.75pt too wide) in paragraph at lines 1464--1464
[]\TU/lmtt/m/n/10 ## 249  249     32.3          33.6  1.0236  72 201.00  69.75 29.1    136.1 40.9[] 
 []


Overfull \hbox (69.75pt too wide) in paragraph at lines 1464--1464
[]\TU/lmtt/m/n/10 ## 250  250     28.3          29.3  1.0328  72 186.75  66.00 30.2    133.9 38.9[] 
 []


Overfull \hbox (69.75pt too wide) in paragraph at lines 1464--1464
[]\TU/lmtt/m/n/10 ## 251  251     25.3          26.0  1.0399  72 190.75  70.50 27.0    142.6 38.9[] 
 []


Overfull \hbox (69.75pt too wide) in paragraph at lines 1464--1464
[]\TU/lmtt/m/n/10 ## 252  252     30.7          31.9  1.0271  74 207.50  70.00 29.8    143.7 40.8[] 
 []

[26] [27] [28] [29] [30] [31]
File: r4Stats_files/figure-latex/unnamed-chunk-46-1.pdf Graphic file (type pdf)
<use r4Stats_files/figure-latex/unnamed-chunk-46-1.pdf>
[32]
File: r4Stats_files/figure-latex/unnamed-chunk-47-1.pdf Graphic file (type pdf)
<use r4Stats_files/figure-latex/unnamed-chunk-47-1.pdf>

Underfull \hbox (badness 10000) in paragraph at lines 1520--1522
[][]
 []


Underfull \vbox (badness 10000) has occurred while \output is active []

[33]
LaTeX Font Info:    Font shape `TU/lmtt/bx/n' in size <12> not available
(Font)              Font shape `TU/lmtt/b/n' tried instead on input line 1531.
[34]
File: r4Stats_files/figure-latex/unnamed-chunk-50-1.pdf Graphic file (type pdf)
<use r4Stats_files/figure-latex/unnamed-chunk-50-1.pdf>
[35] [36]
File: r4Stats_files/figure-latex/unnamed-chunk-57-1.pdf Graphic file (type pdf)
<use r4Stats_files/figure-latex/unnamed-chunk-57-1.pdf>
File: r4Stats_files/figure-latex/unnamed-chunk-58-1.pdf Graphic file (type pdf)
<use r4Stats_files/figure-latex/unnamed-chunk-58-1.pdf>

Underfull \hbox (badness 10000) in paragraph at lines 1741--1743
[][]
 []

[37]
File: r4Stats_files/figure-latex/unnamed-chunk-60-1.pdf Graphic file (type pdf)
<use r4Stats_files/figure-latex/unnamed-chunk-60-1.pdf>
[38] [39]
File: r4Stats_files/figure-latex/unnamed-chunk-62-1.pdf Graphic file (type pdf)
<use r4Stats_files/figure-latex/unnamed-chunk-62-1.pdf>
[40] [41] [42] [43]
Overfull \hbox (59.25pt too wide) in paragraph at lines 2098--2098
[]\TU/lmtt/m/n/10 ## prev         A         A-        B+        B         B-        C+        C[] 
 []


Overfull \hbox (69.75pt too wide) in paragraph at lines 2098--2098
[]\TU/lmtt/m/n/10 ##    A   53.571429 10.714286  3.571429 14.285714  0.000000  0.000000 10.714286[] 
 []


Overfull \hbox (69.75pt too wide) in paragraph at lines 2098--2098
[]\TU/lmtt/m/n/10 ##    A-  60.000000 20.000000 20.000000  0.000000  0.000000  0.000000  0.000000[] 
 []


Overfull \hbox (69.75pt too wide) in paragraph at lines 2098--2098
[]\TU/lmtt/m/n/10 ##    B+   0.000000 22.222222 22.222222 11.111111 22.222222  0.000000  0.000000[] 
 []


Overfull \hbox (69.75pt too wide) in paragraph at lines 2098--2098
[]\TU/lmtt/m/n/10 ##    B    0.000000  6.666667  6.666667 26.666667 20.000000  6.666667 20.000000[] 
 []


Overfull \hbox (69.75pt too wide) in paragraph at lines 2098--2098
[]\TU/lmtt/m/n/10 ##    B-   0.000000 25.000000  0.000000 50.000000  0.000000  0.000000 25.000000[] 
 []


Overfull \hbox (69.75pt too wide) in paragraph at lines 2098--2098
[]\TU/lmtt/m/n/10 ##    C+  33.333333 33.333333  0.000000  0.000000  0.000000  0.000000 33.333333[] 
 []


Overfull \hbox (69.75pt too wide) in paragraph at lines 2098--2098
[]\TU/lmtt/m/n/10 ##    C    3.703704  0.000000  0.000000  3.703704  3.703704 11.111111 18.518519[] 
 []


Overfull \hbox (69.75pt too wide) in paragraph at lines 2098--2098
[]\TU/lmtt/m/n/10 ##    D    0.000000  0.000000  0.000000 11.111111  0.000000  0.000000 44.444444[] 
 []


Overfull \hbox (69.75pt too wide) in paragraph at lines 2098--2098
[]\TU/lmtt/m/n/10 ##    F    4.545455  0.000000  0.000000  4.545455  4.545455  4.545455 13.636364[] 
 []

[44]
Underfull \hbox (badness 1062) in paragraph at lines 2179--2179
[]\TU/lmr/bx/n/14.4 Graphical summaries of two-way contin-
 []


Overfull \hbox (5.06453pt too wide) has occurred while \output is active
\TU/lmr/m/sl/10 3.5.  GRAPHICAL SUMMARIES OF TWO-WAY CONTINGENCY TABLES \TU/lmr/m/n/10 45
 []

[45]
File: r4Stats_files/figure-latex/unnamed-chunk-81-1.pdf Graphic file (type pdf)
<use r4Stats_files/figure-latex/unnamed-chunk-81-1.pdf>
File: r4Stats_files/figure-latex/unnamed-chunk-82-1.pdf Graphic file (type pdf)
<use r4Stats_files/figure-latex/unnamed-chunk-82-1.pdf>

Underfull \vbox (badness 6559) has occurred while \output is active []

[46]
File: r4Stats_files/figure-latex/unnamed-chunk-83-1.pdf Graphic file (type pdf)
<use r4Stats_files/figure-latex/unnamed-chunk-83-1.pdf>

Underfull \vbox (badness 1946) has occurred while \output is active []


Overfull \hbox (5.06453pt too wide) has occurred while \output is active
\TU/lmr/m/sl/10 3.5.  GRAPHICAL SUMMARIES OF TWO-WAY CONTINGENCY TABLES \TU/lmr/m/n/10 47
 []

[47]
File: r4Stats_files/figure-latex/unnamed-chunk-84-1.pdf Graphic file (type pdf)
<use r4Stats_files/figure-latex/unnamed-chunk-84-1.pdf>
[48] [49] [50

]
Chapter 4.

Package natbib Warning: Citation `R-bookdown' on page 51 undefined on input line 2318.

[51] [52

]
Chapter 5.
[53] [54

]
Chapter 6.
[55] (./r4Stats.bbl [56])

Package natbib Warning: There were undefined citations.

[57

] (./r4Stats.aux)
Package rerunfilecheck Info: File `r4Stats.out' has not changed.
(rerunfilecheck)             Checksum: C859CC37985554D9CAC957C28EFDA070;4018.
 ) 
Here is how much of TeX's memory you used:
 17703 strings out of 478683
 327132 string characters out of 5847963
 1875018 words of memory out of 5000000
 37553 multiletter control sequences out of 15000+600000
 518802 words of font info for 93 fonts, out of 8000000 for 9000
 14 hyphenation exceptions out of 8191
 86i,8n,121p,658b,474s stack positions out of 10000i,1000n,20000p,200000b,200000s

Output written on r4Stats.pdf (57 pages).
